# JRE version: OpenJDK Runtime Environment Temurin-21.0.6+7 (21.0.6+7) (build 21.0.6+7-LTS)
# Java VM: OpenJDK 64-Bit Server VM Temurin-21.0.6+7 (21.0.6+7-LTS, mixed mode, sharing, tiered, compressed oops, compressed class ptrs, parallel gc, windows-amd64)
GC Precious Log:
 CardTable entry size: 512
 CPUs: 12 total, 12 available
 Memory: 7521M
 Large Page Support: Disabled
 NUMA Support: Disabled
 Compressed Oops: Enabled (32-bit)
 Alignments: Space 512K, Generation 512K, Heap 2M
 Heap Min Capacity: 100M
 Heap Initial Capacity: 100M
 Heap Max Capacity: 1G
 Pre-touch: Disabled
 Parallel Workers: 10
Heap:
 PSYoungGen      total 10240K, used 1536K [0x00000000eab00000, 0x00000000eb700000, 0x0000000100000000)
  eden space 8704K, 0% used [0x00000000eab00000,0x00000000eab00000,0x00000000eb380000)
  from space 1536K, 100% used [0x00000000eb400000,0x00000000eb580000,0x00000000eb580000)
  to   space 1536K, 0% used [0x00000000eb580000,0x00000000eb580000,0x00000000eb700000)
 ParOldGen       total 699392K, used 592248K [0x00000000c0000000, 0x00000000eab00000, 0x00000000eab00000)
  object space 699392K, 84% used [0x00000000c0000000,0x00000000e425e2d8,0x00000000eab00000)
 Metaspace       used 66956K, committed 68544K, reserved 1114112K
  class space    used 6744K, committed 7424K, reserved 1048576K
GC Heap History (20 events):
Event: 36.112 GC heap after
{Heap after GC invocations=634 (full 3):
 PSYoungGen      total 12288K, used 1920K [0x00000000eab00000, 0x00000000eba80000, 0x0000000100000000)
  eden space 10240K, 0% used [0x00000000eab00000,0x00000000eab00000,0x00000000eb500000)
  from space 2048K, 93% used [0x00000000eb680000,0x00000000eb860000,0x00000000eb880000)
  to   space 2048K, 0% used [0x00000000eb880000,0x00000000eb880000,0x00000000eba80000)
 ParOldGen       total 699392K, used 575067K [0x00000000c0000000, 0x00000000eab00000, 0x00000000eab00000)
  object space 699392K, 82% used [0x00000000c0000000,0x00000000e3196eb0,0x00000000eab00000)
 Metaspace       used 66956K, committed 68544K, reserved 1114112K
  class space    used 6744K, committed 7424K, reserved 1048576K
}
Event: 36.136 GC heap before
{Heap before GC invocations=635 (full 3):
 PSYoungGen      total 12288K, used 12160K [0x00000000eab00000, 0x00000000eba80000, 0x0000000100000000)
  eden space 10240K, 100% used [0x00000000eab00000,0x00000000eb500000,0x00000000eb500000)
  from space 2048K, 93% used [0x00000000eb680000,0x00000000eb860000,0x00000000eb880000)
  to   space 2048K, 0% used [0x00000000eb880000,0x00000000eb880000,0x00000000eba80000)
 ParOldGen       total 699392K, used 575067K [0x00000000c0000000, 0x00000000eab00000, 0x00000000eab00000)
  object space 699392K, 82% used [0x00000000c0000000,0x00000000e3196eb0,0x00000000eab00000)
 Metaspace       used 66956K, committed 68544K, reserved 1114112K
  class space    used 6744K, committed 7424K, reserved 1048576K
}
Event: 36.138 GC heap after
{Heap after GC invocations=635 (full 3):
 PSYoungGen      total 12288K, used 2028K [0x00000000eab00000, 0x00000000eba80000, 0x0000000100000000)
  eden space 10240K, 0% used [0x00000000eab00000,0x00000000eab00000,0x00000000eb500000)
  from space 2048K, 99% used [0x00000000eb880000,0x00000000eba7b010,0x00000000eba80000)
  to   space 2560K, 0% used [0x00000000eb580000,0x00000000eb580000,0x00000000eb800000)
 ParOldGen       total 699392K, used 576771K [0x00000000c0000000, 0x00000000eab00000, 0x00000000eab00000)
  object space 699392K, 82% used [0x00000000c0000000,0x00000000e3340eb0,0x00000000eab00000)
 Metaspace       used 66956K, committed 68544K, reserved 1114112K
  class space    used 6744K, committed 7424K, reserved 1048576K
}
Event: 36.159 GC heap before
{Heap before GC invocations=636 (full 3):
 PSYoungGen      total 12288K, used 12268K [0x00000000eab00000, 0x00000000eba80000, 0x0000000100000000)
  eden space 10240K, 100% used [0x00000000eab00000,0x00000000eb500000,0x00000000eb500000)
  from space 2048K, 99% used [0x00000000eb880000,0x00000000eba7b010,0x00000000eba80000)
  to   space 2560K, 0% used [0x00000000eb580000,0x00000000eb580000,0x00000000eb800000)
 ParOldGen       total 699392K, used 576771K [0x00000000c0000000, 0x00000000eab00000, 0x00000000eab00000)
  object space 699392K, 82% used [0x00000000c0000000,0x00000000e3340eb0,0x00000000eab00000)
 Metaspace       used 66956K, committed 68544K, reserved 1114112K
  class space    used 6744K, committed 7424K, reserved 1048576K
}
Event: 36.161 GC heap after
{Heap after GC invocations=636 (full 3):
 PSYoungGen      total 12288K, used 1824K [0x00000000eab00000, 0x00000000eb900000, 0x0000000100000000)
  eden space 10240K, 0% used [0x00000000eab00000,0x00000000eab00000,0x00000000eb500000)
  from space 2048K, 89% used [0x00000000eb580000,0x00000000eb748000,0x00000000eb780000)
  to   space 1536K, 0% used [0x00000000eb780000,0x00000000eb780000,0x00000000eb900000)
 ParOldGen       total 699392K, used 578535K [0x00000000c0000000, 0x00000000eab00000, 0x00000000eab00000)
  object space 699392K, 82% used [0x00000000c0000000,0x00000000e34f9ec0,0x00000000eab00000)
 Metaspace       used 66956K, committed 68544K, reserved 1114112K
  class space    used 6744K, committed 7424K, reserved 1048576K
}
Event: 36.182 GC heap before
{Heap before GC invocations=637 (full 3):
 PSYoungGen      total 12288K, used 12064K [0x00000000eab00000, 0x00000000eb900000, 0x0000000100000000)
  eden space 10240K, 100% used [0x00000000eab00000,0x00000000eb500000,0x00000000eb500000)
  from space 2048K, 89% used [0x00000000eb580000,0x00000000eb748000,0x00000000eb780000)
  to   space 1536K, 0% used [0x00000000eb780000,0x00000000eb780000,0x00000000eb900000)
 ParOldGen       total 699392K, used 578535K [0x00000000c0000000, 0x00000000eab00000, 0x00000000eab00000)
  object space 699392K, 82% used [0x00000000c0000000,0x00000000e34f9ec0,0x00000000eab00000)
 Metaspace       used 66956K, committed 68544K, reserved 1114112K
  class space    used 6744K, committed 7424K, reserved 1048576K
}
Event: 36.185 GC heap after
{Heap after GC invocations=637 (full 3):
 PSYoungGen      total 10240K, used 1536K [0x00000000eab00000, 0x00000000ebd00000, 0x0000000100000000)
  eden space 8704K, 0% used [0x00000000eab00000,0x00000000eab00000,0x00000000eb380000)
  from space 1536K, 100% used [0x00000000eb780000,0x00000000eb900000,0x00000000eb900000)
  to   space 4096K, 0% used [0x00000000eb380000,0x00000000eb380000,0x00000000eb780000)
 ParOldGen       total 699392K, used 580327K [0x00000000c0000000, 0x00000000eab00000, 0x00000000eab00000)
  object space 699392K, 82% used [0x00000000c0000000,0x00000000e36b9ec0,0x00000000eab00000)
 Metaspace       used 66956K, committed 68544K, reserved 1114112K
  class space    used 6744K, committed 7424K, reserved 1048576K
}
Event: 36.203 GC heap before
{Heap before GC invocations=638 (full 3):
 PSYoungGen      total 10240K, used 10240K [0x00000000eab00000, 0x00000000ebd00000, 0x0000000100000000)
  eden space 8704K, 100% used [0x00000000eab00000,0x00000000eb380000,0x00000000eb380000)
  from space 1536K, 100% used [0x00000000eb780000,0x00000000eb900000,0x00000000eb900000)
  to   space 4096K, 0% used [0x00000000eb380000,0x00000000eb380000,0x00000000eb780000)
 ParOldGen       total 699392K, used 580327K [0x00000000c0000000, 0x00000000eab00000, 0x00000000eab00000)
  object space 699392K, 82% used [0x00000000c0000000,0x00000000e36b9ec0,0x00000000eab00000)
 Metaspace       used 66956K, committed 68544K, reserved 1114112K
  class space    used 6744K, committed 7424K, reserved 1048576K
}
Event: 36.206 GC heap after
{Heap after GC invocations=638 (full 3):
 PSYoungGen      total 10752K, used 1568K [0x00000000eab00000, 0x00000000eb880000, 0x0000000100000000)
  eden space 8704K, 0% used [0x00000000eab00000,0x00000000eab00000,0x00000000eb380000)
  from space 2048K, 76% used [0x00000000eb380000,0x00000000eb508000,0x00000000eb580000)
  to   space 2560K, 0% used [0x00000000eb600000,0x00000000eb600000,0x00000000eb880000)
 ParOldGen       total 699392K, used 581796K [0x00000000c0000000, 0x00000000eab00000, 0x00000000eab00000)
  object space 699392K, 83% used [0x00000000c0000000,0x00000000e38290c8,0x00000000eab00000)
 Metaspace       used 66956K, committed 68544K, reserved 1114112K
  class space    used 6744K, committed 7424K, reserved 1048576K
}
Event: 36.227 GC heap before
{Heap before GC invocations=639 (full 3):
 PSYoungGen      total 10752K, used 10272K [0x00000000eab00000, 0x00000000eb880000, 0x0000000100000000)
  eden space 8704K, 100% used [0x00000000eab00000,0x00000000eb380000,0x00000000eb380000)
  from space 2048K, 76% used [0x00000000eb380000,0x00000000eb508000,0x00000000eb580000)
  to   space 2560K, 0% used [0x00000000eb600000,0x00000000eb600000,0x00000000eb880000)
 ParOldGen       total 699392K, used 581796K [0x00000000c0000000, 0x00000000eab00000, 0x00000000eab00000)
  object space 699392K, 83% used [0x00000000c0000000,0x00000000e38290c8,0x00000000eab00000)
 Metaspace       used 66956K, committed 68544K, reserved 1114112K
  class space    used 6744K, committed 7424K, reserved 1048576K
}
Event: 36.229 GC heap after
{Heap after GC invocations=639 (full 3):
 PSYoungGen      total 10752K, used 1664K [0x00000000eab00000, 0x00000000eb800000, 0x0000000100000000)
  eden space 8704K, 0% used [0x00000000eab00000,0x00000000eab00000,0x00000000eb380000)
  from space 2048K, 81% used [0x00000000eb600000,0x00000000eb7a0000,0x00000000eb800000)
  to   space 2048K, 0% used [0x00000000eb380000,0x00000000eb380000,0x00000000eb580000)
 ParOldGen       total 699392K, used 583164K [0x00000000c0000000, 0x00000000eab00000, 0x00000000eab00000)
  object space 699392K, 83% used [0x00000000c0000000,0x00000000e397f0c8,0x00000000eab00000)
 Metaspace       used 66956K, committed 68544K, reserved 1114112K
  class space    used 6744K, committed 7424K, reserved 1048576K
}
Event: 36.247 GC heap before
{Heap before GC invocations=640 (full 3):
 PSYoungGen      total 10752K, used 10368K [0x00000000eab00000, 0x00000000eb800000, 0x0000000100000000)
  eden space 8704K, 100% used [0x00000000eab00000,0x00000000eb380000,0x00000000eb380000)
  from space 2048K, 81% used [0x00000000eb600000,0x00000000eb7a0000,0x00000000eb800000)
  to   space 2048K, 0% used [0x00000000eb380000,0x00000000eb380000,0x00000000eb580000)
 ParOldGen       total 699392K, used 583164K [0x00000000c0000000, 0x00000000eab00000, 0x00000000eab00000)
  object space 699392K, 83% used [0x00000000c0000000,0x00000000e397f0c8,0x00000000eab00000)
 Metaspace       used 66956K, committed 68544K, reserved 1114112K
  class space    used 6744K, committed 7424K, reserved 1048576K
}
Event: 36.249 GC heap after
{Heap after GC invocations=640 (full 3):
 PSYoungGen      total 10752K, used 1728K [0x00000000eab00000, 0x00000000eb780000, 0x0000000100000000)
  eden space 8704K, 0% used [0x00000000eab00000,0x00000000eab00000,0x00000000eb380000)
  from space 2048K, 84% used [0x00000000eb380000,0x00000000eb530000,0x00000000eb580000)
  to   space 2048K, 0% used [0x00000000eb580000,0x00000000eb580000,0x00000000eb780000)
 ParOldGen       total 699392K, used 584604K [0x00000000c0000000, 0x00000000eab00000, 0x00000000eab00000)
  object space 699392K, 83% used [0x00000000c0000000,0x00000000e3ae70c8,0x00000000eab00000)
 Metaspace       used 66956K, committed 68544K, reserved 1114112K
  class space    used 6744K, committed 7424K, reserved 1048576K
}
Event: 36.266 GC heap before
{Heap before GC invocations=641 (full 3):
 PSYoungGen      total 10752K, used 10432K [0x00000000eab00000, 0x00000000eb780000, 0x0000000100000000)
  eden space 8704K, 100% used [0x00000000eab00000,0x00000000eb380000,0x00000000eb380000)
  from space 2048K, 84% used [0x00000000eb380000,0x00000000eb530000,0x00000000eb580000)
  to   space 2048K, 0% used [0x00000000eb580000,0x00000000eb580000,0x00000000eb780000)
 ParOldGen       total 699392K, used 584604K [0x00000000c0000000, 0x00000000eab00000, 0x00000000eab00000)
  object space 699392K, 83% used [0x00000000c0000000,0x00000000e3ae70c8,0x00000000eab00000)
 Metaspace       used 66956K, committed 68544K, reserved 1114112K
  class space    used 6744K, committed 7424K, reserved 1048576K
}
Event: 36.269 GC heap after
{Heap after GC invocations=641 (full 3):
 PSYoungGen      total 10752K, used 1728K [0x00000000eab00000, 0x00000000eb780000, 0x0000000100000000)
  eden space 8704K, 0% used [0x00000000eab00000,0x00000000eab00000,0x00000000eb380000)
  from space 2048K, 84% used [0x00000000eb580000,0x00000000eb730000,0x00000000eb780000)
  to   space 2048K, 0% used [0x00000000eb380000,0x00000000eb380000,0x00000000eb580000)
 ParOldGen       total 699392K, used 586148K [0x00000000c0000000, 0x00000000eab00000, 0x00000000eab00000)
  object space 699392K, 83% used [0x00000000c0000000,0x00000000e3c690c8,0x00000000eab00000)
 Metaspace       used 66956K, committed 68544K, reserved 1114112K
  class space    used 6744K, committed 7424K, reserved 1048576K
}
Event: 36.288 GC heap before
{Heap before GC invocations=642 (full 3):
 PSYoungGen      total 10752K, used 10432K [0x00000000eab00000, 0x00000000eb780000, 0x0000000100000000)
  eden space 8704K, 100% used [0x00000000eab00000,0x00000000eb380000,0x00000000eb380000)
  from space 2048K, 84% used [0x00000000eb580000,0x00000000eb730000,0x00000000eb780000)
  to   space 2048K, 0% used [0x00000000eb380000,0x00000000eb380000,0x00000000eb580000)
 ParOldGen       total 699392K, used 586148K [0x00000000c0000000, 0x00000000eab00000, 0x00000000eab00000)
  object space 699392K, 83% used [0x00000000c0000000,0x00000000e3c690c8,0x00000000eab00000)
 Metaspace       used 66956K, committed 68544K, reserved 1114112K
  class space    used 6744K, committed 7424K, reserved 1048576K
}
Event: 36.290 GC heap after
{Heap after GC invocations=642 (full 3):
 PSYoungGen      total 10752K, used 1760K [0x00000000eab00000, 0x00000000eb780000, 0x0000000100000000)
  eden space 8704K, 0% used [0x00000000eab00000,0x00000000eab00000,0x00000000eb380000)
  from space 2048K, 85% used [0x00000000eb380000,0x00000000eb538000,0x00000000eb580000)
  to   space 2048K, 0% used [0x00000000eb580000,0x00000000eb580000,0x00000000eb780000)
 ParOldGen       total 699392K, used 587708K [0x00000000c0000000, 0x00000000eab00000, 0x00000000eab00000)
  object space 699392K, 84% used [0x00000000c0000000,0x00000000e3def0c8,0x00000000eab00000)
 Metaspace       used 66956K, committed 68544K, reserved 1114112K
  class space    used 6744K, committed 7424K, reserved 1048576K
}
Event: 36.322 GC heap before
{Heap before GC invocations=643 (full 3):
 PSYoungGen      total 10752K, used 10464K [0x00000000eab00000, 0x00000000eb780000, 0x0000000100000000)
  eden space 8704K, 100% used [0x00000000eab00000,0x00000000eb380000,0x00000000eb380000)
  from space 2048K, 85% used [0x00000000eb380000,0x00000000eb538000,0x00000000eb580000)
  to   space 2048K, 0% used [0x00000000eb580000,0x00000000eb580000,0x00000000eb780000)
 ParOldGen       total 699392K, used 587708K [0x00000000c0000000, 0x00000000eab00000, 0x00000000eab00000)
  object space 699392K, 84% used [0x00000000c0000000,0x00000000e3def0c8,0x00000000eab00000)
 Metaspace       used 66956K, committed 68544K, reserved 1114112K
  class space    used 6744K, committed 7424K, reserved 1048576K
}
Event: 36.325 GC heap after
{Heap after GC invocations=643 (full 3):
 PSYoungGen      total 10240K, used 1376K [0x00000000eab00000, 0x00000000eb700000, 0x0000000100000000)
  eden space 8704K, 0% used [0x00000000eab00000,0x00000000eab00000,0x00000000eb380000)
  from space 1536K, 89% used [0x00000000eb580000,0x00000000eb6d8000,0x00000000eb700000)
  to   space 1536K, 0% used [0x00000000eb400000,0x00000000eb400000,0x00000000eb580000)
 ParOldGen       total 699392K, used 590952K [0x00000000c0000000, 0x00000000eab00000, 0x00000000eab00000)
  object space 699392K, 84% used [0x00000000c0000000,0x00000000e411a2d8,0x00000000eab00000)
 Metaspace       used 66956K, committed 68544K, reserved 1114112K
  class space    used 6744K, committed 7424K, reserved 1048576K
}
Event: 36.339 GC heap before
{Heap before GC invocations=644 (full 3):
 PSYoungGen      total 10240K, used 10080K [0x00000000eab00000, 0x00000000eb700000, 0x0000000100000000)
  eden space 8704K, 100% used [0x00000000eab00000,0x00000000eb380000,0x00000000eb380000)
  from space 1536K, 89% used [0x00000000eb580000,0x00000000eb6d8000,0x00000000eb700000)
  to   space 1536K, 0% used [0x00000000eb400000,0x00000000eb400000,0x00000000eb580000)
 ParOldGen       total 699392K, used 590952K [0x00000000c0000000, 0x00000000eab00000, 0x00000000eab00000)
  object space 699392K, 84% used [0x00000000c0000000,0x00000000e411a2d8,0x00000000eab00000)
 Metaspace       used 66956K, committed 68544K, reserved 1114112K
  class space    used 6744K, committed 7424K, reserved 1048576K
}

