# JRE version: OpenJDK Runtime Environment Temurin-21.0.6+7 (21.0.6+7) (build 21.0.6+7-LTS)
# Java VM: OpenJDK 64-Bit Server VM Temurin-21.0.6+7 (21.0.6+7-LTS, mixed mode, sharing, tiered, compressed oops, compressed class ptrs, parallel gc, windows-amd64)
GC Precious Log:
 CardTable entry size: 512
 CPUs: 12 total, 12 available
 Memory: 7521M
 Large Page Support: Disabled
 NUMA Support: Disabled
 Compressed Oops: Enabled (32-bit)
 Alignments: Space 512K, Generation 512K, Heap 2M
 Heap Min Capacity: 100M
 Heap Initial Capacity: 100M
 Heap Max Capacity: 1G
 Pre-touch: Disabled
 Parallel Workers: 10
Heap:
 PSYoungGen      total 5120K, used 4512K [0x00000000eab00000, 0x00000000eb080000, 0x0000000100000000)
  eden space 4096K, 100% used [0x00000000eab00000,0x00000000eaf00000,0x00000000eaf00000)
  from space 1024K, 40% used [0x00000000eaf00000,0x00000000eaf68000,0x00000000eb000000)
  to   space 512K, 31% used [0x00000000eb000000,0x00000000eb028000,0x00000000eb080000)
 ParOldGen       total 585728K, used 585721K [0x00000000c0000000, 0x00000000e3c00000, 0x00000000eab00000)
  object space 585728K, 99% used [0x00000000c0000000,0x00000000e3bfe720,0x00000000e3c00000)
 Metaspace       used 62861K, committed 64384K, reserved 1114112K
  class space    used 6328K, committed 6912K, reserved 1048576K
GC Heap History (20 events):
Event: 62.301 GC heap before
{Heap before GC invocations=737 (full 3):
 PSYoungGen      total 5120K, used 4848K [0x00000000eab00000, 0x00000000eb100000, 0x0000000100000000)
  eden space 4096K, 100% used [0x00000000eab00000,0x00000000eaf00000,0x00000000eaf00000)
  from space 1024K, 73% used [0x00000000eaf00000,0x00000000eafbc150,0x00000000eb000000)
  to   space 1024K, 0% used [0x00000000eb000000,0x00000000eb000000,0x00000000eb100000)
 ParOldGen       total 581120K, used 580726K [0x00000000c0000000, 0x00000000e3780000, 0x00000000eab00000)
  object space 581120K, 99% used [0x00000000c0000000,0x00000000e371dbf8,0x00000000e3780000)
 Metaspace       used 62860K, committed 64384K, reserved 1114112K
  class space    used 6328K, committed 6912K, reserved 1048576K
}
Event: 62.303 GC heap after
{Heap after GC invocations=737 (full 3):
 PSYoungGen      total 5120K, used 768K [0x00000000eab00000, 0x00000000eb100000, 0x0000000100000000)
  eden space 4096K, 0% used [0x00000000eab00000,0x00000000eab00000,0x00000000eaf00000)
  from space 1024K, 75% used [0x00000000eb000000,0x00000000eb0c0000,0x00000000eb100000)
  to   space 1024K, 0% used [0x00000000eaf00000,0x00000000eaf00000,0x00000000eb000000)
 ParOldGen       total 581632K, used 581263K [0x00000000c0000000, 0x00000000e3800000, 0x00000000eab00000)
  object space 581632K, 99% used [0x00000000c0000000,0x00000000e37a3d48,0x00000000e3800000)
 Metaspace       used 62860K, committed 64384K, reserved 1114112K
  class space    used 6328K, committed 6912K, reserved 1048576K
}
Event: 62.350 GC heap before
{Heap before GC invocations=738 (full 3):
 PSYoungGen      total 5120K, used 4864K [0x00000000eab00000, 0x00000000eb100000, 0x0000000100000000)
  eden space 4096K, 100% used [0x00000000eab00000,0x00000000eaf00000,0x00000000eaf00000)
  from space 1024K, 75% used [0x00000000eb000000,0x00000000eb0c0000,0x00000000eb100000)
  to   space 1024K, 0% used [0x00000000eaf00000,0x00000000eaf00000,0x00000000eb000000)
 ParOldGen       total 581632K, used 581263K [0x00000000c0000000, 0x00000000e3800000, 0x00000000eab00000)
  object space 581632K, 99% used [0x00000000c0000000,0x00000000e37a3d48,0x00000000e3800000)
 Metaspace       used 62860K, committed 64384K, reserved 1114112K
  class space    used 6328K, committed 6912K, reserved 1048576K
}
Event: 62.352 GC heap after
{Heap after GC invocations=738 (full 3):
 PSYoungGen      total 5120K, used 640K [0x00000000eab00000, 0x00000000eb100000, 0x0000000100000000)
  eden space 4096K, 0% used [0x00000000eab00000,0x00000000eab00000,0x00000000eaf00000)
  from space 1024K, 62% used [0x00000000eaf00000,0x00000000eafa0000,0x00000000eb000000)
  to   space 1024K, 0% used [0x00000000eb000000,0x00000000eb000000,0x00000000eb100000)
 ParOldGen       total 582144K, used 581818K [0x00000000c0000000, 0x00000000e3880000, 0x00000000eab00000)
  object space 582144K, 99% used [0x00000000c0000000,0x00000000e382e950,0x00000000e3880000)
 Metaspace       used 62860K, committed 64384K, reserved 1114112K
  class space    used 6328K, committed 6912K, reserved 1048576K
}
Event: 62.364 GC heap before
{Heap before GC invocations=739 (full 3):
 PSYoungGen      total 5120K, used 4736K [0x00000000eab00000, 0x00000000eb100000, 0x0000000100000000)
  eden space 4096K, 100% used [0x00000000eab00000,0x00000000eaf00000,0x00000000eaf00000)
  from space 1024K, 62% used [0x00000000eaf00000,0x00000000eafa0000,0x00000000eb000000)
  to   space 1024K, 0% used [0x00000000eb000000,0x00000000eb000000,0x00000000eb100000)
 ParOldGen       total 582144K, used 581818K [0x00000000c0000000, 0x00000000e3880000, 0x00000000eab00000)
  object space 582144K, 99% used [0x00000000c0000000,0x00000000e382e950,0x00000000e3880000)
 Metaspace       used 62860K, committed 64384K, reserved 1114112K
  class space    used 6328K, committed 6912K, reserved 1048576K
}
Event: 62.365 GC heap after
{Heap after GC invocations=739 (full 3):
 PSYoungGen      total 5120K, used 608K [0x00000000eab00000, 0x00000000eb100000, 0x0000000100000000)
  eden space 4096K, 0% used [0x00000000eab00000,0x00000000eab00000,0x00000000eaf00000)
  from space 1024K, 59% used [0x00000000eb000000,0x00000000eb098000,0x00000000eb100000)
  to   space 1024K, 0% used [0x00000000eaf00000,0x00000000eaf00000,0x00000000eb000000)
 ParOldGen       total 582656K, used 582293K [0x00000000c0000000, 0x00000000e3900000, 0x00000000eab00000)
  object space 582656K, 99% used [0x00000000c0000000,0x00000000e38a5760,0x00000000e3900000)
 Metaspace       used 62860K, committed 64384K, reserved 1114112K
  class space    used 6328K, committed 6912K, reserved 1048576K
}
Event: 62.406 GC heap before
{Heap before GC invocations=740 (full 3):
 PSYoungGen      total 5120K, used 4704K [0x00000000eab00000, 0x00000000eb100000, 0x0000000100000000)
  eden space 4096K, 100% used [0x00000000eab00000,0x00000000eaf00000,0x00000000eaf00000)
  from space 1024K, 59% used [0x00000000eb000000,0x00000000eb098000,0x00000000eb100000)
  to   space 1024K, 0% used [0x00000000eaf00000,0x00000000eaf00000,0x00000000eb000000)
 ParOldGen       total 582656K, used 582293K [0x00000000c0000000, 0x00000000e3900000, 0x00000000eab00000)
  object space 582656K, 99% used [0x00000000c0000000,0x00000000e38a5760,0x00000000e3900000)
 Metaspace       used 62860K, committed 64384K, reserved 1114112K
  class space    used 6328K, committed 6912K, reserved 1048576K
}
Event: 62.408 GC heap after
{Heap after GC invocations=740 (full 3):
 PSYoungGen      total 5120K, used 672K [0x00000000eab00000, 0x00000000eb100000, 0x0000000100000000)
  eden space 4096K, 0% used [0x00000000eab00000,0x00000000eab00000,0x00000000eaf00000)
  from space 1024K, 65% used [0x00000000eaf00000,0x00000000eafa8150,0x00000000eb000000)
  to   space 1024K, 0% used [0x00000000eb000000,0x00000000eb000000,0x00000000eb100000)
 ParOldGen       total 583168K, used 582808K [0x00000000c0000000, 0x00000000e3980000, 0x00000000eab00000)
  object space 583168K, 99% used [0x00000000c0000000,0x00000000e3926368,0x00000000e3980000)
 Metaspace       used 62860K, committed 64384K, reserved 1114112K
  class space    used 6328K, committed 6912K, reserved 1048576K
}
Event: 62.419 GC heap before
{Heap before GC invocations=741 (full 3):
 PSYoungGen      total 5120K, used 4768K [0x00000000eab00000, 0x00000000eb100000, 0x0000000100000000)
  eden space 4096K, 100% used [0x00000000eab00000,0x00000000eaf00000,0x00000000eaf00000)
  from space 1024K, 65% used [0x00000000eaf00000,0x00000000eafa8150,0x00000000eb000000)
  to   space 1024K, 0% used [0x00000000eb000000,0x00000000eb000000,0x00000000eb100000)
 ParOldGen       total 583168K, used 582808K [0x00000000c0000000, 0x00000000e3980000, 0x00000000eab00000)
  object space 583168K, 99% used [0x00000000c0000000,0x00000000e3926368,0x00000000e3980000)
 Metaspace       used 62860K, committed 64384K, reserved 1114112K
  class space    used 6328K, committed 6912K, reserved 1048576K
}
Event: 62.422 GC heap after
{Heap after GC invocations=741 (full 3):
 PSYoungGen      total 5120K, used 603K [0x00000000eab00000, 0x00000000eb100000, 0x0000000100000000)
  eden space 4096K, 0% used [0x00000000eab00000,0x00000000eab00000,0x00000000eaf00000)
  from space 1024K, 58% used [0x00000000eb000000,0x00000000eb096c08,0x00000000eb100000)
  to   space 1024K, 0% used [0x00000000eaf00000,0x00000000eaf00000,0x00000000eb000000)
 ParOldGen       total 583680K, used 583344K [0x00000000c0000000, 0x00000000e3a00000, 0x00000000eab00000)
  object space 583680K, 99% used [0x00000000c0000000,0x00000000e39ac310,0x00000000e3a00000)
 Metaspace       used 62860K, committed 64384K, reserved 1114112K
  class space    used 6328K, committed 6912K, reserved 1048576K
}
Event: 62.432 GC heap before
{Heap before GC invocations=742 (full 3):
 PSYoungGen      total 5120K, used 4699K [0x00000000eab00000, 0x00000000eb100000, 0x0000000100000000)
  eden space 4096K, 100% used [0x00000000eab00000,0x00000000eaf00000,0x00000000eaf00000)
  from space 1024K, 58% used [0x00000000eb000000,0x00000000eb096c08,0x00000000eb100000)
  to   space 1024K, 0% used [0x00000000eaf00000,0x00000000eaf00000,0x00000000eb000000)
 ParOldGen       total 583680K, used 583344K [0x00000000c0000000, 0x00000000e3a00000, 0x00000000eab00000)
  object space 583680K, 99% used [0x00000000c0000000,0x00000000e39ac310,0x00000000e3a00000)
 Metaspace       used 62860K, committed 64384K, reserved 1114112K
  class space    used 6328K, committed 6912K, reserved 1048576K
}
Event: 62.434 GC heap after
{Heap after GC invocations=742 (full 3):
 PSYoungGen      total 5120K, used 608K [0x00000000eab00000, 0x00000000eb100000, 0x0000000100000000)
  eden space 4096K, 0% used [0x00000000eab00000,0x00000000eab00000,0x00000000eaf00000)
  from space 1024K, 59% used [0x00000000eaf00000,0x00000000eaf98000,0x00000000eb000000)
  to   space 1024K, 0% used [0x00000000eb000000,0x00000000eb000000,0x00000000eb100000)
 ParOldGen       total 584192K, used 583851K [0x00000000c0000000, 0x00000000e3a80000, 0x00000000eab00000)
  object space 584192K, 99% used [0x00000000c0000000,0x00000000e3a2af18,0x00000000e3a80000)
 Metaspace       used 62860K, committed 64384K, reserved 1114112K
  class space    used 6328K, committed 6912K, reserved 1048576K
}
Event: 62.444 GC heap before
{Heap before GC invocations=743 (full 3):
 PSYoungGen      total 5120K, used 4704K [0x00000000eab00000, 0x00000000eb100000, 0x0000000100000000)
  eden space 4096K, 100% used [0x00000000eab00000,0x00000000eaf00000,0x00000000eaf00000)
  from space 1024K, 59% used [0x00000000eaf00000,0x00000000eaf98000,0x00000000eb000000)
  to   space 1024K, 0% used [0x00000000eb000000,0x00000000eb000000,0x00000000eb100000)
 ParOldGen       total 584192K, used 583851K [0x00000000c0000000, 0x00000000e3a80000, 0x00000000eab00000)
  object space 584192K, 99% used [0x00000000c0000000,0x00000000e3a2af18,0x00000000e3a80000)
 Metaspace       used 62860K, committed 64384K, reserved 1114112K
  class space    used 6328K, committed 6912K, reserved 1048576K
}
Event: 62.447 GC heap after
{Heap after GC invocations=743 (full 3):
 PSYoungGen      total 5120K, used 726K [0x00000000eab00000, 0x00000000eb100000, 0x0000000100000000)
  eden space 4096K, 0% used [0x00000000eab00000,0x00000000eab00000,0x00000000eaf00000)
  from space 1024K, 70% used [0x00000000eb000000,0x00000000eb0b5808,0x00000000eb100000)
  to   space 1024K, 0% used [0x00000000eaf00000,0x00000000eaf00000,0x00000000eb000000)
 ParOldGen       total 584704K, used 584323K [0x00000000c0000000, 0x00000000e3b00000, 0x00000000eab00000)
  object space 584704K, 99% used [0x00000000c0000000,0x00000000e3aa0f18,0x00000000e3b00000)
 Metaspace       used 62860K, committed 64384K, reserved 1114112K
  class space    used 6328K, committed 6912K, reserved 1048576K
}
Event: 62.456 GC heap before
{Heap before GC invocations=744 (full 3):
 PSYoungGen      total 5120K, used 4821K [0x00000000eab00000, 0x00000000eb100000, 0x0000000100000000)
  eden space 4096K, 99% used [0x00000000eab00000,0x00000000eaefff90,0x00000000eaf00000)
  from space 1024K, 70% used [0x00000000eb000000,0x00000000eb0b5808,0x00000000eb100000)
  to   space 1024K, 0% used [0x00000000eaf00000,0x00000000eaf00000,0x00000000eb000000)
 ParOldGen       total 584704K, used 584323K [0x00000000c0000000, 0x00000000e3b00000, 0x00000000eab00000)
  object space 584704K, 99% used [0x00000000c0000000,0x00000000e3aa0f18,0x00000000e3b00000)
 Metaspace       used 62860K, committed 64384K, reserved 1114112K
  class space    used 6328K, committed 6912K, reserved 1048576K
}
Event: 62.458 GC heap after
{Heap after GC invocations=744 (full 3):
 PSYoungGen      total 5120K, used 608K [0x00000000eab00000, 0x00000000eb100000, 0x0000000100000000)
  eden space 4096K, 0% used [0x00000000eab00000,0x00000000eab00000,0x00000000eaf00000)
  from space 1024K, 59% used [0x00000000eaf00000,0x00000000eaf98000,0x00000000eb000000)
  to   space 1024K, 0% used [0x00000000eb000000,0x00000000eb000000,0x00000000eb100000)
 ParOldGen       total 585216K, used 584849K [0x00000000c0000000, 0x00000000e3b80000, 0x00000000eab00000)
  object space 585216K, 99% used [0x00000000c0000000,0x00000000e3b24720,0x00000000e3b80000)
 Metaspace       used 62860K, committed 64384K, reserved 1114112K
  class space    used 6328K, committed 6912K, reserved 1048576K
}
Event: 62.470 GC heap before
{Heap before GC invocations=745 (full 3):
 PSYoungGen      total 5120K, used 4704K [0x00000000eab00000, 0x00000000eb100000, 0x0000000100000000)
  eden space 4096K, 100% used [0x00000000eab00000,0x00000000eaf00000,0x00000000eaf00000)
  from space 1024K, 59% used [0x00000000eaf00000,0x00000000eaf98000,0x00000000eb000000)
  to   space 1024K, 0% used [0x00000000eb000000,0x00000000eb000000,0x00000000eb100000)
 ParOldGen       total 585216K, used 584849K [0x00000000c0000000, 0x00000000e3b80000, 0x00000000eab00000)
  object space 585216K, 99% used [0x00000000c0000000,0x00000000e3b24720,0x00000000e3b80000)
 Metaspace       used 62861K, committed 64384K, reserved 1114112K
  class space    used 6328K, committed 6912K, reserved 1048576K
}
Event: 62.473 GC heap after
{Heap after GC invocations=745 (full 3):
 PSYoungGen      total 5120K, used 512K [0x00000000eab00000, 0x00000000eb100000, 0x0000000100000000)
  eden space 4096K, 0% used [0x00000000eab00000,0x00000000eab00000,0x00000000eaf00000)
  from space 1024K, 50% used [0x00000000eb000000,0x00000000eb080000,0x00000000eb100000)
  to   space 1024K, 0% used [0x00000000eaf00000,0x00000000eaf00000,0x00000000eb000000)
 ParOldGen       total 585728K, used 585273K [0x00000000c0000000, 0x00000000e3c00000, 0x00000000eab00000)
  object space 585728K, 99% used [0x00000000c0000000,0x00000000e3b8e720,0x00000000e3c00000)
 Metaspace       used 62861K, committed 64384K, reserved 1114112K
  class space    used 6328K, committed 6912K, reserved 1048576K
}
Event: 62.533 GC heap before
{Heap before GC invocations=746 (full 3):
 PSYoungGen      total 5120K, used 4608K [0x00000000eab00000, 0x00000000eb100000, 0x0000000100000000)
  eden space 4096K, 100% used [0x00000000eab00000,0x00000000eaf00000,0x00000000eaf00000)
  from space 1024K, 50% used [0x00000000eb000000,0x00000000eb080000,0x00000000eb100000)
  to   space 1024K, 0% used [0x00000000eaf00000,0x00000000eaf00000,0x00000000eb000000)
 ParOldGen       total 585728K, used 585273K [0x00000000c0000000, 0x00000000e3c00000, 0x00000000eab00000)
  object space 585728K, 99% used [0x00000000c0000000,0x00000000e3b8e720,0x00000000e3c00000)
 Metaspace       used 62861K, committed 64384K, reserved 1114112K
  class space    used 6328K, committed 6912K, reserved 1048576K
}
Event: 62.534 GC heap after
{Heap after GC invocations=746 (full 3):
 PSYoungGen      total 5120K, used 416K [0x00000000eab00000, 0x00000000eb080000, 0x0000000100000000)
  eden space 4096K, 0% used [0x00000000eab00000,0x00000000eab00000,0x00000000eaf00000)
  from space 1024K, 40% used [0x00000000eaf00000,0x00000000eaf68000,0x00000000eb000000)
  to   space 512K, 0% used [0x00000000eb000000,0x00000000eb000000,0x00000000eb080000)
 ParOldGen       total 585728K, used 585713K [0x00000000c0000000, 0x00000000e3c00000, 0x00000000eab00000)
  object space 585728K, 99% used [0x00000000c0000000,0x00000000e3bfc720,0x00000000e3c00000)
 Metaspace       used 62861K, committed 64384K, reserved 1114112K
  class space    used 6328K, committed 6912K, reserved 1048576K
}

