# JRE version: OpenJDK Runtime Environment Temurin-21.0.6+7 (21.0.6+7) (build 21.0.6+7-LTS)
# Java VM: OpenJDK 64-Bit Server VM Temurin-21.0.6+7 (21.0.6+7-LTS, mixed mode, sharing, tiered, compressed oops, compressed class ptrs, parallel gc, windows-amd64)
GC Precious Log:
 CardTable entry size: 512
 CPUs: 12 total, 12 available
 Memory: 7521M
 Large Page Support: Disabled
 NUMA Support: Disabled
 Compressed Oops: Enabled (32-bit)
 Alignments: Space 512K, Generation 512K, Heap 2M
 Heap Min Capacity: 100M
 Heap Initial Capacity: 100M
 Heap Max Capacity: 1G
 Pre-touch: Disabled
 Parallel Workers: 10
Heap:
 PSYoungGen      total 23040K, used 12484K [0x00000000eab00000, 0x00000000ec580000, 0x0000000100000000)
  eden space 19968K, 48% used [0x00000000eab00000,0x00000000eb476bc8,0x00000000ebe80000)
  from space 3072K, 90% used [0x00000000ec080000,0x00000000ec33a508,0x00000000ec380000)
  to   space 2048K, 0% used [0x00000000ec380000,0x00000000ec380000,0x00000000ec580000)
 ParOldGen       total 68608K, used 45684K [0x00000000c0000000, 0x00000000c4300000, 0x00000000eab00000)
  object space 68608K, 66% used [0x00000000c0000000,0x00000000c2c9d128,0x00000000c4300000)
 Metaspace       used 49058K, committed 50304K, reserved 1114112K
  class space    used 5143K, committed 5696K, reserved 1048576K
GC Heap History (20 events):
Event: 5.930 GC heap before
{Heap before GC invocations=19 (full 2):
 PSYoungGen      total 22528K, used 22528K [0x00000000eab00000, 0x00000000ec980000, 0x0000000100000000)
  eden space 21504K, 100% used [0x00000000eab00000,0x00000000ec000000,0x00000000ec000000)
  from space 1024K, 100% used [0x00000000ec480000,0x00000000ec580000,0x00000000ec580000)
  to   space 4608K, 0% used [0x00000000ec000000,0x00000000ec000000,0x00000000ec480000)
 ParOldGen       total 68608K, used 25036K [0x00000000c0000000, 0x00000000c4300000, 0x00000000eab00000)
  object space 68608K, 36% used [0x00000000c0000000,0x00000000c1873328,0x00000000c4300000)
 Metaspace       used 38465K, committed 39680K, reserved 1114112K
  class space    used 3897K, committed 4416K, reserved 1048576K
}
Event: 5.933 GC heap after
{Heap after GC invocations=19 (full 2):
 PSYoungGen      total 24064K, used 2338K [0x00000000eab00000, 0x00000000ec600000, 0x0000000100000000)
  eden space 21504K, 0% used [0x00000000eab00000,0x00000000eab00000,0x00000000ec000000)
  from space 2560K, 91% used [0x00000000ec000000,0x00000000ec248800,0x00000000ec280000)
  to   space 3072K, 0% used [0x00000000ec300000,0x00000000ec300000,0x00000000ec600000)
 ParOldGen       total 68608K, used 26068K [0x00000000c0000000, 0x00000000c4300000, 0x00000000eab00000)
  object space 68608K, 37% used [0x00000000c0000000,0x00000000c1975328,0x00000000c4300000)
 Metaspace       used 38465K, committed 39680K, reserved 1114112K
  class space    used 3897K, committed 4416K, reserved 1048576K
}
Event: 5.986 GC heap before
{Heap before GC invocations=20 (full 2):
 PSYoungGen      total 24064K, used 23842K [0x00000000eab00000, 0x00000000ec600000, 0x0000000100000000)
  eden space 21504K, 100% used [0x00000000eab00000,0x00000000ec000000,0x00000000ec000000)
  from space 2560K, 91% used [0x00000000ec000000,0x00000000ec248800,0x00000000ec280000)
  to   space 3072K, 0% used [0x00000000ec300000,0x00000000ec300000,0x00000000ec600000)
 ParOldGen       total 68608K, used 26068K [0x00000000c0000000, 0x00000000c4300000, 0x00000000eab00000)
  object space 68608K, 37% used [0x00000000c0000000,0x00000000c1975328,0x00000000c4300000)
 Metaspace       used 38757K, committed 39936K, reserved 1114112K
  class space    used 3941K, committed 4480K, reserved 1048576K
}
Event: 5.989 GC heap after
{Heap after GC invocations=20 (full 2):
 PSYoungGen      total 24064K, used 2276K [0x00000000eab00000, 0x00000000ec580000, 0x0000000100000000)
  eden space 21504K, 0% used [0x00000000eab00000,0x00000000eab00000,0x00000000ec000000)
  from space 2560K, 88% used [0x00000000ec300000,0x00000000ec539000,0x00000000ec580000)
  to   space 2560K, 0% used [0x00000000ec000000,0x00000000ec000000,0x00000000ec280000)
 ParOldGen       total 68608K, used 28123K [0x00000000c0000000, 0x00000000c4300000, 0x00000000eab00000)
  object space 68608K, 40% used [0x00000000c0000000,0x00000000c1b76df8,0x00000000c4300000)
 Metaspace       used 38757K, committed 39936K, reserved 1114112K
  class space    used 3941K, committed 4480K, reserved 1048576K
}
Event: 6.074 GC heap before
{Heap before GC invocations=21 (full 2):
 PSYoungGen      total 24064K, used 23780K [0x00000000eab00000, 0x00000000ec580000, 0x0000000100000000)
  eden space 21504K, 100% used [0x00000000eab00000,0x00000000ec000000,0x00000000ec000000)
  from space 2560K, 88% used [0x00000000ec300000,0x00000000ec539000,0x00000000ec580000)
  to   space 2560K, 0% used [0x00000000ec000000,0x00000000ec000000,0x00000000ec280000)
 ParOldGen       total 68608K, used 28123K [0x00000000c0000000, 0x00000000c4300000, 0x00000000eab00000)
  object space 68608K, 40% used [0x00000000c0000000,0x00000000c1b76df8,0x00000000c4300000)
 Metaspace       used 39048K, committed 40320K, reserved 1114112K
  class space    used 3984K, committed 4544K, reserved 1048576K
}
Event: 6.077 GC heap after
{Heap after GC invocations=21 (full 2):
 PSYoungGen      total 24064K, used 2061K [0x00000000eab00000, 0x00000000ec500000, 0x0000000100000000)
  eden space 21504K, 0% used [0x00000000eab00000,0x00000000eab00000,0x00000000ec000000)
  from space 2560K, 80% used [0x00000000ec000000,0x00000000ec203680,0x00000000ec280000)
  to   space 2560K, 0% used [0x00000000ec280000,0x00000000ec280000,0x00000000ec500000)
 ParOldGen       total 68608K, used 30209K [0x00000000c0000000, 0x00000000c4300000, 0x00000000eab00000)
  object space 68608K, 44% used [0x00000000c0000000,0x00000000c1d80420,0x00000000c4300000)
 Metaspace       used 39048K, committed 40320K, reserved 1114112K
  class space    used 3984K, committed 4544K, reserved 1048576K
}
Event: 6.163 GC heap before
{Heap before GC invocations=22 (full 2):
 PSYoungGen      total 24064K, used 23565K [0x00000000eab00000, 0x00000000ec500000, 0x0000000100000000)
  eden space 21504K, 100% used [0x00000000eab00000,0x00000000ec000000,0x00000000ec000000)
  from space 2560K, 80% used [0x00000000ec000000,0x00000000ec203680,0x00000000ec280000)
  to   space 2560K, 0% used [0x00000000ec280000,0x00000000ec280000,0x00000000ec500000)
 ParOldGen       total 68608K, used 30209K [0x00000000c0000000, 0x00000000c4300000, 0x00000000eab00000)
  object space 68608K, 44% used [0x00000000c0000000,0x00000000c1d80420,0x00000000c4300000)
 Metaspace       used 39442K, committed 40704K, reserved 1114112K
  class space    used 4030K, committed 4608K, reserved 1048576K
}
Event: 6.167 GC heap after
{Heap after GC invocations=22 (full 2):
 PSYoungGen      total 23552K, used 1773K [0x00000000eab00000, 0x00000000ec480000, 0x0000000100000000)
  eden space 21504K, 0% used [0x00000000eab00000,0x00000000eab00000,0x00000000ec000000)
  from space 2048K, 86% used [0x00000000ec280000,0x00000000ec43b6a8,0x00000000ec480000)
  to   space 2048K, 0% used [0x00000000ec080000,0x00000000ec080000,0x00000000ec280000)
 ParOldGen       total 68608K, used 31993K [0x00000000c0000000, 0x00000000c4300000, 0x00000000eab00000)
  object space 68608K, 46% used [0x00000000c0000000,0x00000000c1f3e430,0x00000000c4300000)
 Metaspace       used 39442K, committed 40704K, reserved 1114112K
  class space    used 4030K, committed 4608K, reserved 1048576K
}
Event: 6.302 GC heap before
{Heap before GC invocations=23 (full 2):
 PSYoungGen      total 23552K, used 23277K [0x00000000eab00000, 0x00000000ec480000, 0x0000000100000000)
  eden space 21504K, 100% used [0x00000000eab00000,0x00000000ec000000,0x00000000ec000000)
  from space 2048K, 86% used [0x00000000ec280000,0x00000000ec43b6a8,0x00000000ec480000)
  to   space 2048K, 0% used [0x00000000ec080000,0x00000000ec080000,0x00000000ec280000)
 ParOldGen       total 68608K, used 31993K [0x00000000c0000000, 0x00000000c4300000, 0x00000000eab00000)
  object space 68608K, 46% used [0x00000000c0000000,0x00000000c1f3e430,0x00000000c4300000)
 Metaspace       used 40369K, committed 41600K, reserved 1114112K
  class space    used 4138K, committed 4672K, reserved 1048576K
}
Event: 6.304 GC heap after
{Heap after GC invocations=23 (full 2):
 PSYoungGen      total 23040K, used 1344K [0x00000000eab00000, 0x00000000ec300000, 0x0000000100000000)
  eden space 21504K, 0% used [0x00000000eab00000,0x00000000eab00000,0x00000000ec000000)
  from space 1536K, 87% used [0x00000000ec080000,0x00000000ec1d0000,0x00000000ec200000)
  to   space 1024K, 0% used [0x00000000ec200000,0x00000000ec200000,0x00000000ec300000)
 ParOldGen       total 68608K, used 33625K [0x00000000c0000000, 0x00000000c4300000, 0x00000000eab00000)
  object space 68608K, 49% used [0x00000000c0000000,0x00000000c20d6630,0x00000000c4300000)
 Metaspace       used 40369K, committed 41600K, reserved 1114112K
  class space    used 4138K, committed 4672K, reserved 1048576K
}
Event: 6.494 GC heap before
{Heap before GC invocations=24 (full 2):
 PSYoungGen      total 23040K, used 22837K [0x00000000eab00000, 0x00000000ec300000, 0x0000000100000000)
  eden space 21504K, 99% used [0x00000000eab00000,0x00000000ebffd4f0,0x00000000ec000000)
  from space 1536K, 87% used [0x00000000ec080000,0x00000000ec1d0000,0x00000000ec200000)
  to   space 1024K, 0% used [0x00000000ec200000,0x00000000ec200000,0x00000000ec300000)
 ParOldGen       total 68608K, used 33625K [0x00000000c0000000, 0x00000000c4300000, 0x00000000eab00000)
  object space 68608K, 49% used [0x00000000c0000000,0x00000000c20d6630,0x00000000c4300000)
 Metaspace       used 42125K, committed 43328K, reserved 1114112K
  class space    used 4342K, committed 4864K, reserved 1048576K
}
Event: 6.497 GC heap after
{Heap after GC invocations=24 (full 2):
 PSYoungGen      total 20992K, used 1013K [0x00000000eab00000, 0x00000000ec700000, 0x0000000100000000)
  eden space 19968K, 0% used [0x00000000eab00000,0x00000000eab00000,0x00000000ebe80000)
  from space 1024K, 98% used [0x00000000ec200000,0x00000000ec2fd610,0x00000000ec300000)
  to   space 3584K, 0% used [0x00000000ebe80000,0x00000000ebe80000,0x00000000ec200000)
 ParOldGen       total 68608K, used 35699K [0x00000000c0000000, 0x00000000c4300000, 0x00000000eab00000)
  object space 68608K, 52% used [0x00000000c0000000,0x00000000c22dce98,0x00000000c4300000)
 Metaspace       used 42125K, committed 43328K, reserved 1114112K
  class space    used 4342K, committed 4864K, reserved 1048576K
}
Event: 6.728 GC heap before
{Heap before GC invocations=25 (full 2):
 PSYoungGen      total 20992K, used 20981K [0x00000000eab00000, 0x00000000ec700000, 0x0000000100000000)
  eden space 19968K, 100% used [0x00000000eab00000,0x00000000ebe80000,0x00000000ebe80000)
  from space 1024K, 98% used [0x00000000ec200000,0x00000000ec2fd610,0x00000000ec300000)
  to   space 3584K, 0% used [0x00000000ebe80000,0x00000000ebe80000,0x00000000ec200000)
 ParOldGen       total 68608K, used 35699K [0x00000000c0000000, 0x00000000c4300000, 0x00000000eab00000)
  object space 68608K, 52% used [0x00000000c0000000,0x00000000c22dce98,0x00000000c4300000)
 Metaspace       used 44411K, committed 45696K, reserved 1114112K
  class space    used 4572K, committed 5184K, reserved 1048576K
}
Event: 6.731 GC heap after
{Heap after GC invocations=25 (full 2):
 PSYoungGen      total 22528K, used 2159K [0x00000000eab00000, 0x00000000ec380000, 0x0000000100000000)
  eden space 19968K, 0% used [0x00000000eab00000,0x00000000eab00000,0x00000000ebe80000)
  from space 2560K, 84% used [0x00000000ebe80000,0x00000000ec09bf90,0x00000000ec100000)
  to   space 2560K, 0% used [0x00000000ec100000,0x00000000ec100000,0x00000000ec380000)
 ParOldGen       total 68608K, used 36510K [0x00000000c0000000, 0x00000000c4300000, 0x00000000eab00000)
  object space 68608K, 53% used [0x00000000c0000000,0x00000000c23a7998,0x00000000c4300000)
 Metaspace       used 44411K, committed 45696K, reserved 1114112K
  class space    used 4572K, committed 5184K, reserved 1048576K
}
Event: 6.839 GC heap before
{Heap before GC invocations=26 (full 2):
 PSYoungGen      total 22528K, used 22127K [0x00000000eab00000, 0x00000000ec380000, 0x0000000100000000)
  eden space 19968K, 100% used [0x00000000eab00000,0x00000000ebe80000,0x00000000ebe80000)
  from space 2560K, 84% used [0x00000000ebe80000,0x00000000ec09bf90,0x00000000ec100000)
  to   space 2560K, 0% used [0x00000000ec100000,0x00000000ec100000,0x00000000ec380000)
 ParOldGen       total 68608K, used 36510K [0x00000000c0000000, 0x00000000c4300000, 0x00000000eab00000)
  object space 68608K, 53% used [0x00000000c0000000,0x00000000c23a7998,0x00000000c4300000)
 Metaspace       used 46129K, committed 47360K, reserved 1114112K
  class space    used 4766K, committed 5312K, reserved 1048576K
}
Event: 6.841 GC heap after
{Heap after GC invocations=26 (full 2):
 PSYoungGen      total 22528K, used 2467K [0x00000000eab00000, 0x00000000ec380000, 0x0000000100000000)
  eden space 19968K, 0% used [0x00000000eab00000,0x00000000eab00000,0x00000000ebe80000)
  from space 2560K, 96% used [0x00000000ec100000,0x00000000ec368cc0,0x00000000ec380000)
  to   space 2560K, 0% used [0x00000000ebe80000,0x00000000ebe80000,0x00000000ec100000)
 ParOldGen       total 68608K, used 38158K [0x00000000c0000000, 0x00000000c4300000, 0x00000000eab00000)
  object space 68608K, 55% used [0x00000000c0000000,0x00000000c2543950,0x00000000c4300000)
 Metaspace       used 46129K, committed 47360K, reserved 1114112K
  class space    used 4766K, committed 5312K, reserved 1048576K
}
Event: 7.922 GC heap before
{Heap before GC invocations=27 (full 2):
 PSYoungGen      total 22528K, used 22435K [0x00000000eab00000, 0x00000000ec380000, 0x0000000100000000)
  eden space 19968K, 100% used [0x00000000eab00000,0x00000000ebe80000,0x00000000ebe80000)
  from space 2560K, 96% used [0x00000000ec100000,0x00000000ec368cc0,0x00000000ec380000)
  to   space 2560K, 0% used [0x00000000ebe80000,0x00000000ebe80000,0x00000000ec100000)
 ParOldGen       total 68608K, used 38158K [0x00000000c0000000, 0x00000000c4300000, 0x00000000eab00000)
  object space 68608K, 55% used [0x00000000c0000000,0x00000000c2543950,0x00000000c4300000)
 Metaspace       used 47040K, committed 48384K, reserved 1114112K
  class space    used 4867K, committed 5440K, reserved 1048576K
}
Event: 8.938 GC heap after
{Heap after GC invocations=27 (full 2):
 PSYoungGen      total 22528K, used 2557K [0x00000000eab00000, 0x00000000ecb80000, 0x0000000100000000)
  eden space 19968K, 0% used [0x00000000eab00000,0x00000000eab00000,0x00000000ebe80000)
  from space 2560K, 99% used [0x00000000ebe80000,0x00000000ec0ff5d8,0x00000000ec100000)
  to   space 6656K, 0% used [0x00000000ec500000,0x00000000ec500000,0x00000000ecb80000)
 ParOldGen       total 68608K, used 41351K [0x00000000c0000000, 0x00000000c4300000, 0x00000000eab00000)
  object space 68608K, 60% used [0x00000000c0000000,0x00000000c2861f98,0x00000000c4300000)
 Metaspace       used 47040K, committed 48384K, reserved 1114112K
  class space    used 4867K, committed 5440K, reserved 1048576K
}
Event: 9.301 GC heap before
{Heap before GC invocations=28 (full 2):
 PSYoungGen      total 22528K, used 22482K [0x00000000eab00000, 0x00000000ecb80000, 0x0000000100000000)
  eden space 19968K, 99% used [0x00000000eab00000,0x00000000ebe753e8,0x00000000ebe80000)
  from space 2560K, 99% used [0x00000000ebe80000,0x00000000ec0ff5d8,0x00000000ec100000)
  to   space 6656K, 0% used [0x00000000ec500000,0x00000000ec500000,0x00000000ecb80000)
 ParOldGen       total 68608K, used 41351K [0x00000000c0000000, 0x00000000c4300000, 0x00000000eab00000)
  object space 68608K, 60% used [0x00000000c0000000,0x00000000c2861f98,0x00000000c4300000)
 Metaspace       used 48390K, committed 49728K, reserved 1114112K
  class space    used 5038K, committed 5632K, reserved 1048576K
}
Event: 9.304 GC heap after
{Heap after GC invocations=28 (full 2):
 PSYoungGen      total 22528K, used 2165K [0x00000000eab00000, 0x00000000ec780000, 0x0000000100000000)
  eden space 19968K, 0% used [0x00000000eab00000,0x00000000eab00000,0x00000000ebe80000)
  from space 2560K, 84% used [0x00000000ec500000,0x00000000ec71d7e8,0x00000000ec780000)
  to   space 3584K, 0% used [0x00000000ec080000,0x00000000ec080000,0x00000000ec400000)
 ParOldGen       total 68608K, used 43832K [0x00000000c0000000, 0x00000000c4300000, 0x00000000eab00000)
  object space 68608K, 63% used [0x00000000c0000000,0x00000000c2ace368,0x00000000c4300000)
 Metaspace       used 48390K, committed 49728K, reserved 1114112K
  class space    used 5038K, committed 5632K, reserved 1048576K
}

