# JRE version: OpenJDK Runtime Environment Temurin-21.0.6+7 (21.0.6+7) (build 21.0.6+7-LTS)
# Java VM: OpenJDK 64-Bit Server VM Temurin-21.0.6+7 (21.0.6+7-LTS, mixed mode, sharing, tiered, compressed oops, compressed class ptrs, parallel gc, windows-amd64)
GC Precious Log:
 CardTable entry size: 512
 CPUs: 12 total, 12 available
 Memory: 7521M
 Large Page Support: Disabled
 NUMA Support: Disabled
 Compressed Oops: Enabled (32-bit)
 Alignments: Space 512K, Generation 512K, Heap 2M
 Heap Min Capacity: 100M
 Heap Initial Capacity: 100M
 Heap Max Capacity: 1G
 Pre-touch: Disabled
 Parallel Workers: 10
Heap:
 PSYoungGen      total 5632K, used 1884K [0x00000000eab00000, 0x00000000eb280000, 0x0000000100000000)
  eden space 5120K, 28% used [0x00000000eab00000,0x00000000eac6f0b0,0x00000000eb000000)
  from space 512K, 81% used [0x00000000eb080000,0x00000000eb0e8000,0x00000000eb100000)
  to   space 1024K, 0% used [0x00000000eb180000,0x00000000eb180000,0x00000000eb280000)
 ParOldGen       total 181760K, used 181579K [0x00000000c0000000, 0x00000000cb180000, 0x00000000eab00000)
  object space 181760K, 99% used [0x00000000c0000000,0x00000000cb152f10,0x00000000cb180000)
 Metaspace       used 87458K, committed 89792K, reserved 1179648K
  class space    used 8553K, committed 9536K, reserved 1048576K
GC Heap History (20 events):
Event: 3149.032 GC heap before
{Heap before GC invocations=2986 (full 9):
 PSYoungGen      total 4096K, used 3904K [0x00000000eab00000, 0x00000000eb480000, 0x0000000100000000)
  eden space 3072K, 100% used [0x00000000eab00000,0x00000000eae00000,0x00000000eae00000)
  from space 1024K, 81% used [0x00000000eb300000,0x00000000eb3d0000,0x00000000eb400000)
  to   space 512K, 0% used [0x00000000eb400000,0x00000000eb400000,0x00000000eb480000)
 ParOldGen       total 167936K, used 167502K [0x00000000c0000000, 0x00000000ca400000, 0x00000000eab00000)
  object space 167936K, 99% used [0x00000000c0000000,0x00000000ca3938b8,0x00000000ca400000)
 Metaspace       used 87337K, committed 89792K, reserved 1179648K
  class space    used 8537K, committed 9536K, reserved 1048576K
}
Event: 3149.033 GC heap after
{Heap after GC invocations=2986 (full 9):
 PSYoungGen      total 3584K, used 506K [0x00000000eab00000, 0x00000000eb480000, 0x0000000100000000)
  eden space 3072K, 0% used [0x00000000eab00000,0x00000000eab00000,0x00000000eae00000)
  from space 512K, 98% used [0x00000000eb400000,0x00000000eb47e900,0x00000000eb480000)
  to   space 2560K, 0% used [0x00000000eaf80000,0x00000000eaf80000,0x00000000eb200000)
 ParOldGen       total 168960K, used 168928K [0x00000000c0000000, 0x00000000ca500000, 0x00000000eab00000)
  object space 168960K, 99% used [0x00000000c0000000,0x00000000ca4f8158,0x00000000ca500000)
 Metaspace       used 87337K, committed 89792K, reserved 1179648K
  class space    used 8537K, committed 9536K, reserved 1048576K
}
Event: 3149.038 GC heap before
{Heap before GC invocations=2987 (full 9):
 PSYoungGen      total 3584K, used 3578K [0x00000000eab00000, 0x00000000eb480000, 0x0000000100000000)
  eden space 3072K, 100% used [0x00000000eab00000,0x00000000eae00000,0x00000000eae00000)
  from space 512K, 98% used [0x00000000eb400000,0x00000000eb47e900,0x00000000eb480000)
  to   space 2560K, 0% used [0x00000000eaf80000,0x00000000eaf80000,0x00000000eb200000)
 ParOldGen       total 168960K, used 168928K [0x00000000c0000000, 0x00000000ca500000, 0x00000000eab00000)
  object space 168960K, 99% used [0x00000000c0000000,0x00000000ca4f8158,0x00000000ca500000)
 Metaspace       used 87337K, committed 89792K, reserved 1179648K
  class space    used 8537K, committed 9536K, reserved 1048576K
}
Event: 3149.041 GC heap after
{Heap after GC invocations=2987 (full 9):
 PSYoungGen      total 5632K, used 2560K [0x00000000eab00000, 0x00000000eb600000, 0x0000000100000000)
  eden space 3072K, 0% used [0x00000000eab00000,0x00000000eab00000,0x00000000eae00000)
  from space 2560K, 100% used [0x00000000eaf80000,0x00000000eb200000,0x00000000eb200000)
  to   space 4096K, 0% used [0x00000000eb200000,0x00000000eb200000,0x00000000eb600000)
 ParOldGen       total 169984K, used 169957K [0x00000000c0000000, 0x00000000ca600000, 0x00000000eab00000)
  object space 169984K, 99% used [0x00000000c0000000,0x00000000ca5f94d8,0x00000000ca600000)
 Metaspace       used 87337K, committed 89792K, reserved 1179648K
  class space    used 8537K, committed 9536K, reserved 1048576K
}
Event: 3149.046 GC heap before
{Heap before GC invocations=2988 (full 9):
 PSYoungGen      total 5632K, used 5632K [0x00000000eab00000, 0x00000000eb600000, 0x0000000100000000)
  eden space 3072K, 100% used [0x00000000eab00000,0x00000000eae00000,0x00000000eae00000)
  from space 2560K, 100% used [0x00000000eaf80000,0x00000000eb200000,0x00000000eb200000)
  to   space 4096K, 0% used [0x00000000eb200000,0x00000000eb200000,0x00000000eb600000)
 ParOldGen       total 169984K, used 169957K [0x00000000c0000000, 0x00000000ca600000, 0x00000000eab00000)
  object space 169984K, 99% used [0x00000000c0000000,0x00000000ca5f94d8,0x00000000ca600000)
 Metaspace       used 87337K, committed 89792K, reserved 1179648K
  class space    used 8537K, committed 9536K, reserved 1048576K
}
Event: 3149.049 GC heap after
{Heap after GC invocations=2988 (full 9):
 PSYoungGen      total 7680K, used 3200K [0x00000000eab00000, 0x00000000eb600000, 0x0000000100000000)
  eden space 3584K, 0% used [0x00000000eab00000,0x00000000eab00000,0x00000000eae80000)
  from space 4096K, 78% used [0x00000000eb200000,0x00000000eb520000,0x00000000eb600000)
  to   space 3584K, 0% used [0x00000000eae80000,0x00000000eae80000,0x00000000eb200000)
 ParOldGen       total 173056K, used 172581K [0x00000000c0000000, 0x00000000ca900000, 0x00000000eab00000)
  object space 173056K, 99% used [0x00000000c0000000,0x00000000ca8894d8,0x00000000ca900000)
 Metaspace       used 87337K, committed 89792K, reserved 1179648K
  class space    used 8537K, committed 9536K, reserved 1048576K
}
Event: 3149.058 GC heap before
{Heap before GC invocations=2989 (full 9):
 PSYoungGen      total 7680K, used 6784K [0x00000000eab00000, 0x00000000eb600000, 0x0000000100000000)
  eden space 3584K, 100% used [0x00000000eab00000,0x00000000eae80000,0x00000000eae80000)
  from space 4096K, 78% used [0x00000000eb200000,0x00000000eb520000,0x00000000eb600000)
  to   space 3584K, 0% used [0x00000000eae80000,0x00000000eae80000,0x00000000eb200000)
 ParOldGen       total 173056K, used 172581K [0x00000000c0000000, 0x00000000ca900000, 0x00000000eab00000)
  object space 173056K, 99% used [0x00000000c0000000,0x00000000ca8894d8,0x00000000ca900000)
 Metaspace       used 87337K, committed 89792K, reserved 1179648K
  class space    used 8537K, committed 9536K, reserved 1048576K
}
Event: 3149.060 GC heap after
{Heap after GC invocations=2989 (full 9):
 PSYoungGen      total 7168K, used 1897K [0x00000000eab00000, 0x00000000eb480000, 0x0000000100000000)
  eden space 3584K, 0% used [0x00000000eab00000,0x00000000eab00000,0x00000000eae80000)
  from space 3584K, 52% used [0x00000000eae80000,0x00000000eb05a7c0,0x00000000eb200000)
  to   space 2560K, 0% used [0x00000000eb200000,0x00000000eb200000,0x00000000eb480000)
 ParOldGen       total 176128K, used 175709K [0x00000000c0000000, 0x00000000cac00000, 0x00000000eab00000)
  object space 176128K, 99% used [0x00000000c0000000,0x00000000cab974d8,0x00000000cac00000)
 Metaspace       used 87337K, committed 89792K, reserved 1179648K
  class space    used 8537K, committed 9536K, reserved 1048576K
}
Event: 3149.065 GC heap before
{Heap before GC invocations=2990 (full 9):
 PSYoungGen      total 7168K, used 5481K [0x00000000eab00000, 0x00000000eb480000, 0x0000000100000000)
  eden space 3584K, 100% used [0x00000000eab00000,0x00000000eae80000,0x00000000eae80000)
  from space 3584K, 52% used [0x00000000eae80000,0x00000000eb05a7c0,0x00000000eb200000)
  to   space 2560K, 0% used [0x00000000eb200000,0x00000000eb200000,0x00000000eb480000)
 ParOldGen       total 176128K, used 175709K [0x00000000c0000000, 0x00000000cac00000, 0x00000000eab00000)
  object space 176128K, 99% used [0x00000000c0000000,0x00000000cab974d8,0x00000000cac00000)
 Metaspace       used 87337K, committed 89792K, reserved 1179648K
  class space    used 8537K, committed 9536K, reserved 1048576K
}
Event: 3149.067 GC heap after
{Heap after GC invocations=2990 (full 9):
 PSYoungGen      total 5632K, used 736K [0x00000000eab00000, 0x00000000eb300000, 0x0000000100000000)
  eden space 4608K, 0% used [0x00000000eab00000,0x00000000eab00000,0x00000000eaf80000)
  from space 1024K, 71% used [0x00000000eb200000,0x00000000eb2b8000,0x00000000eb300000)
  to   space 1536K, 0% used [0x00000000eb000000,0x00000000eb000000,0x00000000eb180000)
 ParOldGen       total 177664K, used 177433K [0x00000000c0000000, 0x00000000cad80000, 0x00000000eab00000)
  object space 177664K, 99% used [0x00000000c0000000,0x00000000cad46738,0x00000000cad80000)
 Metaspace       used 87337K, committed 89792K, reserved 1179648K
  class space    used 8537K, committed 9536K, reserved 1048576K
}
Event: 3149.083 GC heap before
{Heap before GC invocations=2991 (full 9):
 PSYoungGen      total 5632K, used 5344K [0x00000000eab00000, 0x00000000eb300000, 0x0000000100000000)
  eden space 4608K, 100% used [0x00000000eab00000,0x00000000eaf80000,0x00000000eaf80000)
  from space 1024K, 71% used [0x00000000eb200000,0x00000000eb2b8000,0x00000000eb300000)
  to   space 1536K, 0% used [0x00000000eb000000,0x00000000eb000000,0x00000000eb180000)
 ParOldGen       total 177664K, used 177433K [0x00000000c0000000, 0x00000000cad80000, 0x00000000eab00000)
  object space 177664K, 99% used [0x00000000c0000000,0x00000000cad46738,0x00000000cad80000)
 Metaspace       used 87337K, committed 89792K, reserved 1179648K
  class space    used 8537K, committed 9536K, reserved 1048576K
}
Event: 3149.084 GC heap after
{Heap after GC invocations=2991 (full 9):
 PSYoungGen      total 6656K, used 1088K [0x00000000eab00000, 0x00000000eb380000, 0x0000000100000000)
  eden space 5120K, 0% used [0x00000000eab00000,0x00000000eab00000,0x00000000eb000000)
  from space 1536K, 70% used [0x00000000eb000000,0x00000000eb110000,0x00000000eb180000)
  to   space 1536K, 0% used [0x00000000eb200000,0x00000000eb200000,0x00000000eb380000)
 ParOldGen       total 178176K, used 178033K [0x00000000c0000000, 0x00000000cae00000, 0x00000000eab00000)
  object space 178176K, 99% used [0x00000000c0000000,0x00000000caddc738,0x00000000cae00000)
 Metaspace       used 87337K, committed 89792K, reserved 1179648K
  class space    used 8537K, committed 9536K, reserved 1048576K
}
Event: 3327.626 GC heap before
{Heap before GC invocations=2992 (full 9):
 PSYoungGen      total 6656K, used 6208K [0x00000000eab00000, 0x00000000eb380000, 0x0000000100000000)
  eden space 5120K, 100% used [0x00000000eab00000,0x00000000eb000000,0x00000000eb000000)
  from space 1536K, 70% used [0x00000000eb000000,0x00000000eb110000,0x00000000eb180000)
  to   space 1536K, 0% used [0x00000000eb200000,0x00000000eb200000,0x00000000eb380000)
 ParOldGen       total 178176K, used 178033K [0x00000000c0000000, 0x00000000cae00000, 0x00000000eab00000)
  object space 178176K, 99% used [0x00000000c0000000,0x00000000caddc738,0x00000000cae00000)
 Metaspace       used 87337K, committed 89792K, reserved 1179648K
  class space    used 8537K, committed 9536K, reserved 1048576K
}
Event: 3328.693 GC heap after
{Heap after GC invocations=2992 (full 9):
 PSYoungGen      total 6144K, used 697K [0x00000000eab00000, 0x00000000eb300000, 0x0000000100000000)
  eden space 5120K, 0% used [0x00000000eab00000,0x00000000eab00000,0x00000000eb000000)
  from space 1024K, 68% used [0x00000000eb200000,0x00000000eb2ae7b0,0x00000000eb300000)
  to   space 1024K, 0% used [0x00000000eb100000,0x00000000eb100000,0x00000000eb200000)
 ParOldGen       total 179200K, used 179005K [0x00000000c0000000, 0x00000000caf00000, 0x00000000eab00000)
  object space 179200K, 99% used [0x00000000c0000000,0x00000000caecf748,0x00000000caf00000)
 Metaspace       used 87337K, committed 89792K, reserved 1179648K
  class space    used 8537K, committed 9536K, reserved 1048576K
}
Event: 3328.856 GC heap before
{Heap before GC invocations=2993 (full 9):
 PSYoungGen      total 6144K, used 5817K [0x00000000eab00000, 0x00000000eb300000, 0x0000000100000000)
  eden space 5120K, 100% used [0x00000000eab00000,0x00000000eb000000,0x00000000eb000000)
  from space 1024K, 68% used [0x00000000eb200000,0x00000000eb2ae7b0,0x00000000eb300000)
  to   space 1024K, 0% used [0x00000000eb100000,0x00000000eb100000,0x00000000eb200000)
 ParOldGen       total 179200K, used 179005K [0x00000000c0000000, 0x00000000caf00000, 0x00000000eab00000)
  object space 179200K, 99% used [0x00000000c0000000,0x00000000caecf748,0x00000000caf00000)
 Metaspace       used 87337K, committed 89792K, reserved 1179648K
  class space    used 8537K, committed 9536K, reserved 1048576K
}
Event: 3328.862 GC heap after
{Heap after GC invocations=2993 (full 9):
 PSYoungGen      total 6144K, used 1024K [0x00000000eab00000, 0x00000000eb400000, 0x0000000100000000)
  eden space 5120K, 0% used [0x00000000eab00000,0x00000000eab00000,0x00000000eb000000)
  from space 1024K, 100% used [0x00000000eb100000,0x00000000eb200000,0x00000000eb200000)
  to   space 2048K, 0% used [0x00000000eb200000,0x00000000eb200000,0x00000000eb400000)
 ParOldGen       total 179712K, used 179551K [0x00000000c0000000, 0x00000000caf80000, 0x00000000eab00000)
  object space 179712K, 99% used [0x00000000c0000000,0x00000000caf57f08,0x00000000caf80000)
 Metaspace       used 87337K, committed 89792K, reserved 1179648K
  class space    used 8537K, committed 9536K, reserved 1048576K
}
Event: 3329.266 GC heap before
{Heap before GC invocations=2994 (full 9):
 PSYoungGen      total 6144K, used 6144K [0x00000000eab00000, 0x00000000eb400000, 0x0000000100000000)
  eden space 5120K, 100% used [0x00000000eab00000,0x00000000eb000000,0x00000000eb000000)
  from space 1024K, 100% used [0x00000000eb100000,0x00000000eb200000,0x00000000eb200000)
  to   space 2048K, 0% used [0x00000000eb200000,0x00000000eb200000,0x00000000eb400000)
 ParOldGen       total 179712K, used 179551K [0x00000000c0000000, 0x00000000caf80000, 0x00000000eab00000)
  object space 179712K, 99% used [0x00000000c0000000,0x00000000caf57f08,0x00000000caf80000)
 Metaspace       used 87337K, committed 89792K, reserved 1179648K
  class space    used 8537K, committed 9536K, reserved 1048576K
}
Event: 3329.277 GC heap after
{Heap after GC invocations=2994 (full 9):
 PSYoungGen      total 6656K, used 1296K [0x00000000eab00000, 0x00000000eb380000, 0x0000000100000000)
  eden space 5120K, 0% used [0x00000000eab00000,0x00000000eab00000,0x00000000eb000000)
  from space 1536K, 84% used [0x00000000eb200000,0x00000000eb344010,0x00000000eb380000)
  to   space 1536K, 0% used [0x00000000eb080000,0x00000000eb080000,0x00000000eb200000)
 ParOldGen       total 180736K, used 180458K [0x00000000c0000000, 0x00000000cb080000, 0x00000000eab00000)
  object space 180736K, 99% used [0x00000000c0000000,0x00000000cb03aa80,0x00000000cb080000)
 Metaspace       used 87337K, committed 89792K, reserved 1179648K
  class space    used 8537K, committed 9536K, reserved 1048576K
}
Event: 3426.126 GC heap before
{Heap before GC invocations=2995 (full 9):
 PSYoungGen      total 6656K, used 6415K [0x00000000eab00000, 0x00000000eb380000, 0x0000000100000000)
  eden space 5120K, 99% used [0x00000000eab00000,0x00000000eaffffc0,0x00000000eb000000)
  from space 1536K, 84% used [0x00000000eb200000,0x00000000eb344010,0x00000000eb380000)
  to   space 1536K, 0% used [0x00000000eb080000,0x00000000eb080000,0x00000000eb200000)
 ParOldGen       total 180736K, used 180458K [0x00000000c0000000, 0x00000000cb080000, 0x00000000eab00000)
  object space 180736K, 99% used [0x00000000c0000000,0x00000000cb03aa80,0x00000000cb080000)
 Metaspace       used 87426K, committed 89792K, reserved 1179648K
  class space    used 8549K, committed 9536K, reserved 1048576K
}
Event: 3426.177 GC heap after
{Heap after GC invocations=2995 (full 9):
 PSYoungGen      total 5632K, used 416K [0x00000000eab00000, 0x00000000eb280000, 0x0000000100000000)
  eden space 5120K, 0% used [0x00000000eab00000,0x00000000eab00000,0x00000000eb000000)
  from space 512K, 81% used [0x00000000eb080000,0x00000000eb0e8000,0x00000000eb100000)
  to   space 1024K, 0% used [0x00000000eb180000,0x00000000eb180000,0x00000000eb280000)
 ParOldGen       total 181760K, used 181579K [0x00000000c0000000, 0x00000000cb180000, 0x00000000eab00000)
  object space 181760K, 99% used [0x00000000c0000000,0x00000000cb152f10,0x00000000cb180000)
 Metaspace       used 87426K, committed 89792K, reserved 1179648K
  class space    used 8549K, committed 9536K, reserved 1048576K
}

