# JRE version: OpenJDK Runtime Environment Temurin-21.0.6+7 (21.0.6+7) (build 21.0.6+7-LTS)
# Java VM: OpenJDK 64-Bit Server VM Temurin-21.0.6+7 (21.0.6+7-LTS, mixed mode, sharing, tiered, compressed oops, compressed class ptrs, parallel gc, windows-amd64)
GC Precious Log:
 CardTable entry size: 512
 CPUs: 12 total, 12 available
 Memory: 7521M
 Large Page Support: Disabled
 NUMA Support: Disabled
 Compressed Oops: Enabled (32-bit)
 Alignments: Space 512K, Generation 512K, Heap 2M
 Heap Min Capacity: 100M
 Heap Initial Capacity: 100M
 Heap Max Capacity: 1G
 Pre-touch: Disabled
 Parallel Workers: 10
Heap:
 PSYoungGen      total 6144K, used 5650K [0x00000000eab00000, 0x00000000eb280000, 0x0000000100000000)
  eden space 4608K, 100% used [0x00000000eab00000,0x00000000eaf80000,0x00000000eaf80000)
  from space 1536K, 67% used [0x00000000eb100000,0x00000000eb204ab0,0x00000000eb280000)
  to   space 1536K, 0% used [0x00000000eaf80000,0x00000000eaf80000,0x00000000eb100000)
 ParOldGen       total 201216K, used 200651K [0x00000000c0000000, 0x00000000cc480000, 0x00000000eab00000)
  object space 201216K, 99% used [0x00000000c0000000,0x00000000cc3f2c30,0x00000000cc480000)
 Metaspace       used 61176K, committed 62720K, reserved 1114112K
  class space    used 6209K, committed 6848K, reserved 1048576K
GC Heap History (20 events):
Event: 17.396 GC heap before
{Heap before GC invocations=118 (full 3):
 PSYoungGen      total 5632K, used 5504K [0x00000000eab00000, 0x00000000eb200000, 0x0000000100000000)
  eden space 4608K, 100% used [0x00000000eab00000,0x00000000eaf80000,0x00000000eaf80000)
  from space 1024K, 87% used [0x00000000eb100000,0x00000000eb1e0000,0x00000000eb200000)
  to   space 1024K, 0% used [0x00000000eb000000,0x00000000eb000000,0x00000000eb100000)
 ParOldGen       total 185856K, used 185742K [0x00000000c0000000, 0x00000000cb580000, 0x00000000eab00000)
  object space 185856K, 99% used [0x00000000c0000000,0x00000000cb5638c0,0x00000000cb580000)
 Metaspace       used 60238K, committed 61632K, reserved 1114112K
  class space    used 6105K, committed 6720K, reserved 1048576K
}
Event: 17.398 GC heap after
{Heap after GC invocations=118 (full 3):
 PSYoungGen      total 5632K, used 704K [0x00000000eab00000, 0x00000000eb180000, 0x0000000100000000)
  eden space 4608K, 0% used [0x00000000eab00000,0x00000000eab00000,0x00000000eaf80000)
  from space 1024K, 68% used [0x00000000eb000000,0x00000000eb0b0000,0x00000000eb100000)
  to   space 512K, 0% used [0x00000000eb100000,0x00000000eb100000,0x00000000eb180000)
 ParOldGen       total 186880K, used 186478K [0x00000000c0000000, 0x00000000cb680000, 0x00000000eab00000)
  object space 186880K, 99% used [0x00000000c0000000,0x00000000cb61bba8,0x00000000cb680000)
 Metaspace       used 60238K, committed 61632K, reserved 1114112K
  class space    used 6105K, committed 6720K, reserved 1048576K
}
Event: 17.763 GC heap before
{Heap before GC invocations=119 (full 3):
 PSYoungGen      total 5632K, used 5312K [0x00000000eab00000, 0x00000000eb180000, 0x0000000100000000)
  eden space 4608K, 100% used [0x00000000eab00000,0x00000000eaf80000,0x00000000eaf80000)
  from space 1024K, 68% used [0x00000000eb000000,0x00000000eb0b0000,0x00000000eb100000)
  to   space 512K, 0% used [0x00000000eb100000,0x00000000eb100000,0x00000000eb180000)
 ParOldGen       total 186880K, used 186478K [0x00000000c0000000, 0x00000000cb680000, 0x00000000eab00000)
  object space 186880K, 99% used [0x00000000c0000000,0x00000000cb61bba8,0x00000000cb680000)
 Metaspace       used 60298K, committed 61696K, reserved 1114112K
  class space    used 6111K, committed 6720K, reserved 1048576K
}
Event: 17.765 GC heap after
{Heap after GC invocations=119 (full 3):
 PSYoungGen      total 5120K, used 512K [0x00000000eab00000, 0x00000000eb280000, 0x0000000100000000)
  eden space 4608K, 0% used [0x00000000eab00000,0x00000000eab00000,0x00000000eaf80000)
  from space 512K, 100% used [0x00000000eb100000,0x00000000eb180000,0x00000000eb180000)
  to   space 1536K, 0% used [0x00000000eaf80000,0x00000000eaf80000,0x00000000eb100000)
 ParOldGen       total 187392K, used 187219K [0x00000000c0000000, 0x00000000cb700000, 0x00000000eab00000)
  object space 187392K, 99% used [0x00000000c0000000,0x00000000cb6d4eb0,0x00000000cb700000)
 Metaspace       used 60298K, committed 61696K, reserved 1114112K
  class space    used 6111K, committed 6720K, reserved 1048576K
}
Event: 17.890 GC heap before
{Heap before GC invocations=120 (full 3):
 PSYoungGen      total 5120K, used 5120K [0x00000000eab00000, 0x00000000eb280000, 0x0000000100000000)
  eden space 4608K, 100% used [0x00000000eab00000,0x00000000eaf80000,0x00000000eaf80000)
  from space 512K, 100% used [0x00000000eb100000,0x00000000eb180000,0x00000000eb180000)
  to   space 1536K, 0% used [0x00000000eaf80000,0x00000000eaf80000,0x00000000eb100000)
 ParOldGen       total 187392K, used 187219K [0x00000000c0000000, 0x00000000cb700000, 0x00000000eab00000)
  object space 187392K, 99% used [0x00000000c0000000,0x00000000cb6d4eb0,0x00000000cb700000)
 Metaspace       used 60476K, committed 61888K, reserved 1114112K
  class space    used 6139K, committed 6784K, reserved 1048576K
}
Event: 17.892 GC heap after
{Heap after GC invocations=120 (full 3):
 PSYoungGen      total 6144K, used 1013K [0x00000000eab00000, 0x00000000eb280000, 0x0000000100000000)
  eden space 4608K, 0% used [0x00000000eab00000,0x00000000eab00000,0x00000000eaf80000)
  from space 1536K, 65% used [0x00000000eaf80000,0x00000000eb07d6f0,0x00000000eb100000)
  to   space 1536K, 0% used [0x00000000eb100000,0x00000000eb100000,0x00000000eb280000)
 ParOldGen       total 187904K, used 187757K [0x00000000c0000000, 0x00000000cb780000, 0x00000000eab00000)
  object space 187904K, 99% used [0x00000000c0000000,0x00000000cb75b618,0x00000000cb780000)
 Metaspace       used 60476K, committed 61888K, reserved 1114112K
  class space    used 6139K, committed 6784K, reserved 1048576K
}
Event: 17.910 GC heap before
{Heap before GC invocations=121 (full 3):
 PSYoungGen      total 6144K, used 5621K [0x00000000eab00000, 0x00000000eb280000, 0x0000000100000000)
  eden space 4608K, 100% used [0x00000000eab00000,0x00000000eaf80000,0x00000000eaf80000)
  from space 1536K, 65% used [0x00000000eaf80000,0x00000000eb07d6f0,0x00000000eb100000)
  to   space 1536K, 0% used [0x00000000eb100000,0x00000000eb100000,0x00000000eb280000)
 ParOldGen       total 187904K, used 187757K [0x00000000c0000000, 0x00000000cb780000, 0x00000000eab00000)
  object space 187904K, 99% used [0x00000000c0000000,0x00000000cb75b618,0x00000000cb780000)
 Metaspace       used 60508K, committed 61952K, reserved 1114112K
  class space    used 6139K, committed 6784K, reserved 1048576K
}
Event: 17.912 GC heap after
{Heap after GC invocations=121 (full 3):
 PSYoungGen      total 6144K, used 1120K [0x00000000eab00000, 0x00000000eb280000, 0x0000000100000000)
  eden space 4608K, 0% used [0x00000000eab00000,0x00000000eab00000,0x00000000eaf80000)
  from space 1536K, 72% used [0x00000000eb100000,0x00000000eb2180a0,0x00000000eb280000)
  to   space 1536K, 0% used [0x00000000eaf80000,0x00000000eaf80000,0x00000000eb100000)
 ParOldGen       total 188928K, used 188580K [0x00000000c0000000, 0x00000000cb880000, 0x00000000eab00000)
  object space 188928K, 99% used [0x00000000c0000000,0x00000000cb8292e8,0x00000000cb880000)
 Metaspace       used 60508K, committed 61952K, reserved 1114112K
  class space    used 6139K, committed 6784K, reserved 1048576K
}
Event: 17.999 GC heap before
{Heap before GC invocations=122 (full 3):
 PSYoungGen      total 6144K, used 5728K [0x00000000eab00000, 0x00000000eb280000, 0x0000000100000000)
  eden space 4608K, 100% used [0x00000000eab00000,0x00000000eaf80000,0x00000000eaf80000)
  from space 1536K, 72% used [0x00000000eb100000,0x00000000eb2180a0,0x00000000eb280000)
  to   space 1536K, 0% used [0x00000000eaf80000,0x00000000eaf80000,0x00000000eb100000)
 ParOldGen       total 188928K, used 188580K [0x00000000c0000000, 0x00000000cb880000, 0x00000000eab00000)
  object space 188928K, 99% used [0x00000000c0000000,0x00000000cb8292e8,0x00000000cb880000)
 Metaspace       used 60533K, committed 61952K, reserved 1114112K
  class space    used 6139K, committed 6784K, reserved 1048576K
}
Event: 18.001 GC heap after
{Heap after GC invocations=122 (full 3):
 PSYoungGen      total 6144K, used 1117K [0x00000000eab00000, 0x00000000eb280000, 0x0000000100000000)
  eden space 4608K, 0% used [0x00000000eab00000,0x00000000eab00000,0x00000000eaf80000)
  from space 1536K, 72% used [0x00000000eaf80000,0x00000000eb097560,0x00000000eb100000)
  to   space 1536K, 0% used [0x00000000eb100000,0x00000000eb100000,0x00000000eb280000)
 ParOldGen       total 189440K, used 189039K [0x00000000c0000000, 0x00000000cb900000, 0x00000000eab00000)
  object space 189440K, 99% used [0x00000000c0000000,0x00000000cb89bc08,0x00000000cb900000)
 Metaspace       used 60533K, committed 61952K, reserved 1114112K
  class space    used 6139K, committed 6784K, reserved 1048576K
}
Event: 18.136 GC heap before
{Heap before GC invocations=123 (full 3):
 PSYoungGen      total 6144K, used 5721K [0x00000000eab00000, 0x00000000eb280000, 0x0000000100000000)
  eden space 4608K, 99% used [0x00000000eab00000,0x00000000eaf7f020,0x00000000eaf80000)
  from space 1536K, 72% used [0x00000000eaf80000,0x00000000eb097560,0x00000000eb100000)
  to   space 1536K, 0% used [0x00000000eb100000,0x00000000eb100000,0x00000000eb280000)
 ParOldGen       total 189440K, used 189039K [0x00000000c0000000, 0x00000000cb900000, 0x00000000eab00000)
  object space 189440K, 99% used [0x00000000c0000000,0x00000000cb89bc08,0x00000000cb900000)
 Metaspace       used 60566K, committed 62016K, reserved 1114112K
  class space    used 6140K, committed 6784K, reserved 1048576K
}
Event: 18.138 GC heap after
{Heap after GC invocations=123 (full 3):
 PSYoungGen      total 5632K, used 920K [0x00000000eab00000, 0x00000000eb200000, 0x0000000100000000)
  eden space 4608K, 0% used [0x00000000eab00000,0x00000000eab00000,0x00000000eaf80000)
  from space 1024K, 89% used [0x00000000eb100000,0x00000000eb1e60c8,0x00000000eb200000)
  to   space 1024K, 0% used [0x00000000eb000000,0x00000000eb000000,0x00000000eb100000)
 ParOldGen       total 190464K, used 189985K [0x00000000c0000000, 0x00000000cba00000, 0x00000000eab00000)
  object space 190464K, 99% used [0x00000000c0000000,0x00000000cb9885b8,0x00000000cba00000)
 Metaspace       used 60566K, committed 62016K, reserved 1114112K
  class space    used 6140K, committed 6784K, reserved 1048576K
}
Event: 18.327 GC heap before
{Heap before GC invocations=124 (full 3):
 PSYoungGen      total 5632K, used 5528K [0x00000000eab00000, 0x00000000eb200000, 0x0000000100000000)
  eden space 4608K, 100% used [0x00000000eab00000,0x00000000eaf80000,0x00000000eaf80000)
  from space 1024K, 89% used [0x00000000eb100000,0x00000000eb1e60c8,0x00000000eb200000)
  to   space 1024K, 0% used [0x00000000eb000000,0x00000000eb000000,0x00000000eb100000)
 ParOldGen       total 190464K, used 189985K [0x00000000c0000000, 0x00000000cba00000, 0x00000000eab00000)
  object space 190464K, 99% used [0x00000000c0000000,0x00000000cb9885b8,0x00000000cba00000)
 Metaspace       used 60665K, committed 62144K, reserved 1114112K
  class space    used 6156K, committed 6784K, reserved 1048576K
}
Event: 18.329 GC heap after
{Heap after GC invocations=124 (full 3):
 PSYoungGen      total 5632K, used 906K [0x00000000eab00000, 0x00000000eb180000, 0x0000000100000000)
  eden space 4608K, 0% used [0x00000000eab00000,0x00000000eab00000,0x00000000eaf80000)
  from space 1024K, 88% used [0x00000000eb000000,0x00000000eb0e2a18,0x00000000eb100000)
  to   space 512K, 0% used [0x00000000eb100000,0x00000000eb100000,0x00000000eb180000)
 ParOldGen       total 190976K, used 190717K [0x00000000c0000000, 0x00000000cba80000, 0x00000000eab00000)
  object space 190976K, 99% used [0x00000000c0000000,0x00000000cba3f7e8,0x00000000cba80000)
 Metaspace       used 60665K, committed 62144K, reserved 1114112K
  class space    used 6156K, committed 6784K, reserved 1048576K
}
Event: 18.551 GC heap before
{Heap before GC invocations=125 (full 3):
 PSYoungGen      total 5632K, used 5514K [0x00000000eab00000, 0x00000000eb180000, 0x0000000100000000)
  eden space 4608K, 100% used [0x00000000eab00000,0x00000000eaf80000,0x00000000eaf80000)
  from space 1024K, 88% used [0x00000000eb000000,0x00000000eb0e2a18,0x00000000eb100000)
  to   space 512K, 0% used [0x00000000eb100000,0x00000000eb100000,0x00000000eb180000)
 ParOldGen       total 190976K, used 190717K [0x00000000c0000000, 0x00000000cba80000, 0x00000000eab00000)
  object space 190976K, 99% used [0x00000000c0000000,0x00000000cba3f7e8,0x00000000cba80000)
 Metaspace       used 60986K, committed 62464K, reserved 1114112K
  class space    used 6188K, committed 6848K, reserved 1048576K
}
Event: 21.591 GC heap after
{Heap after GC invocations=125 (full 3):
 PSYoungGen      total 5120K, used 512K [0x00000000eab00000, 0x00000000eb180000, 0x0000000100000000)
  eden space 4608K, 0% used [0x00000000eab00000,0x00000000eab00000,0x00000000eaf80000)
  from space 512K, 100% used [0x00000000eb100000,0x00000000eb180000,0x00000000eb180000)
  to   space 1024K, 0% used [0x00000000eb000000,0x00000000eb000000,0x00000000eb100000)
 ParOldGen       total 192000K, used 191646K [0x00000000c0000000, 0x00000000cbb80000, 0x00000000eab00000)
  object space 192000K, 99% used [0x00000000c0000000,0x00000000cbb279a0,0x00000000cbb80000)
 Metaspace       used 60986K, committed 62464K, reserved 1114112K
  class space    used 6188K, committed 6848K, reserved 1048576K
}
Event: 21.601 GC heap before
{Heap before GC invocations=126 (full 3):
 PSYoungGen      total 5120K, used 5120K [0x00000000eab00000, 0x00000000eb180000, 0x0000000100000000)
  eden space 4608K, 100% used [0x00000000eab00000,0x00000000eaf80000,0x00000000eaf80000)
  from space 512K, 100% used [0x00000000eb100000,0x00000000eb180000,0x00000000eb180000)
  to   space 1024K, 0% used [0x00000000eb000000,0x00000000eb000000,0x00000000eb100000)
 ParOldGen       total 192000K, used 191646K [0x00000000c0000000, 0x00000000cbb80000, 0x00000000eab00000)
  object space 192000K, 99% used [0x00000000c0000000,0x00000000cbb279a0,0x00000000cbb80000)
 Metaspace       used 61085K, committed 62592K, reserved 1114112K
  class space    used 6199K, committed 6848K, reserved 1048576K
}
Event: 21.602 GC heap after
{Heap after GC invocations=126 (full 3):
 PSYoungGen      total 5632K, used 1014K [0x00000000eab00000, 0x00000000eb280000, 0x0000000100000000)
  eden space 4608K, 0% used [0x00000000eab00000,0x00000000eab00000,0x00000000eaf80000)
  from space 1024K, 99% used [0x00000000eb000000,0x00000000eb0fda08,0x00000000eb100000)
  to   space 1536K, 0% used [0x00000000eb100000,0x00000000eb100000,0x00000000eb280000)
 ParOldGen       total 192512K, used 192092K [0x00000000c0000000, 0x00000000cbc00000, 0x00000000eab00000)
  object space 192512K, 99% used [0x00000000c0000000,0x00000000cbb97180,0x00000000cbc00000)
 Metaspace       used 61085K, committed 62592K, reserved 1114112K
  class space    used 6199K, committed 6848K, reserved 1048576K
}
Event: 21.610 GC heap before
{Heap before GC invocations=127 (full 3):
 PSYoungGen      total 5632K, used 5622K [0x00000000eab00000, 0x00000000eb280000, 0x0000000100000000)
  eden space 4608K, 100% used [0x00000000eab00000,0x00000000eaf80000,0x00000000eaf80000)
  from space 1024K, 99% used [0x00000000eb000000,0x00000000eb0fda08,0x00000000eb100000)
  to   space 1536K, 0% used [0x00000000eb100000,0x00000000eb100000,0x00000000eb280000)
 ParOldGen       total 192512K, used 192092K [0x00000000c0000000, 0x00000000cbc00000, 0x00000000eab00000)
  object space 192512K, 99% used [0x00000000c0000000,0x00000000cbb97180,0x00000000cbc00000)
 Metaspace       used 61163K, committed 62656K, reserved 1114112K
  class space    used 6207K, committed 6848K, reserved 1048576K
}
Event: 21.611 GC heap after
{Heap after GC invocations=127 (full 3):
 PSYoungGen      total 6144K, used 1042K [0x00000000eab00000, 0x00000000eb280000, 0x0000000100000000)
  eden space 4608K, 0% used [0x00000000eab00000,0x00000000eab00000,0x00000000eaf80000)
  from space 1536K, 67% used [0x00000000eb100000,0x00000000eb204ab0,0x00000000eb280000)
  to   space 1536K, 0% used [0x00000000eaf80000,0x00000000eaf80000,0x00000000eb100000)
 ParOldGen       total 193024K, used 192971K [0x00000000c0000000, 0x00000000cbc80000, 0x00000000eab00000)
  object space 193024K, 99% used [0x00000000c0000000,0x00000000cbc72c20,0x00000000cbc80000)
 Metaspace       used 61163K, committed 62656K, reserved 1114112K
  class space    used 6207K, committed 6848K, reserved 1048576K
}

