# JRE version: Java(TM) SE Runtime Environment (17.0.12+8) (build 17.0.12+8-LTS-286)
# Java VM: Java HotSpot(TM) 64-Bit Server VM (17.0.12+8-LTS-286, mixed mode, sharing, tiered, compressed oops, compressed class ptrs, g1 gc, windows-amd64)
GC Precious Log:
 CPUs: 12 total, 12 available
 Memory: 7521M
 Large Page Support: Disabled
 NUMA Support: Disabled
 Compressed Oops: Enabled (32-bit)
 Heap Region Size: 1M
 Heap Min Capacity: 8M
 Heap Initial Capacity: 118M
 Heap Max Capacity: 1882M
 Pre-touch: Disabled
 Parallel Workers: 10
 Concurrent Workers: 3
 Concurrent Refinement Workers: 10
 Periodic GC: Disabled
Heap:
 garbage-first heap   total 79872K, used 44058K [0x000000008a600000, 0x0000000100000000)
  region size 1024K, 18 young (18432K), 0 survivors (0K)
 Metaspace       used 78815K, committed 79424K, reserved 1179648K
  class space    used 10296K, committed 10624K, reserved 1048576K
GC Heap History (20 events):
Event: 2352.728 GC heap before
{Heap before GC invocations=28 (full 1):
 garbage-first heap   total 66560K, used 52743K [0x000000008a600000, 0x0000000100000000)
  region size 1024K, 27 young (27648K), 0 survivors (0K)
 Metaspace       used 75979K, committed 76608K, reserved 1179648K
  class space    used 10162K, committed 10496K, reserved 1048576K
}
Event: 2352.735 GC heap after
{Heap after GC invocations=29 (full 1):
 garbage-first heap   total 66560K, used 27916K [0x000000008a600000, 0x0000000100000000)
  region size 1024K, 3 young (3072K), 3 survivors (3072K)
 Metaspace       used 75979K, committed 76608K, reserved 1179648K
  class space    used 10162K, committed 10496K, reserved 1048576K
}
Event: 2353.188 GC heap before
{Heap before GC invocations=29 (full 1):
 garbage-first heap   total 66560K, used 50444K [0x000000008a600000, 0x0000000100000000)
  region size 1024K, 26 young (26624K), 3 survivors (3072K)
 Metaspace       used 76339K, committed 76928K, reserved 1179648K
  class space    used 10182K, committed 10496K, reserved 1048576K
}
Event: 2353.193 GC heap after
{Heap after GC invocations=30 (full 1):
 garbage-first heap   total 66560K, used 30498K [0x000000008a600000, 0x0000000100000000)
  region size 1024K, 3 young (3072K), 3 survivors (3072K)
 Metaspace       used 76339K, committed 76928K, reserved 1179648K
  class space    used 10182K, committed 10496K, reserved 1048576K
}
Event: 2353.529 GC heap before
{Heap before GC invocations=30 (full 1):
 garbage-first heap   total 66560K, used 49954K [0x000000008a600000, 0x0000000100000000)
  region size 1024K, 22 young (22528K), 3 survivors (3072K)
 Metaspace       used 76824K, committed 77376K, reserved 1179648K
  class space    used 10202K, committed 10496K, reserved 1048576K
}
Event: 2353.532 GC heap after
{Heap after GC invocations=31 (full 1):
 garbage-first heap   total 66560K, used 31956K [0x000000008a600000, 0x0000000100000000)
  region size 1024K, 2 young (2048K), 2 survivors (2048K)
 Metaspace       used 76824K, committed 77376K, reserved 1179648K
  class space    used 10202K, committed 10496K, reserved 1048576K
}
Event: 2353.874 GC heap before
{Heap before GC invocations=32 (full 1):
 garbage-first heap   total 66560K, used 50388K [0x000000008a600000, 0x0000000100000000)
  region size 1024K, 20 young (20480K), 2 survivors (2048K)
 Metaspace       used 77359K, committed 77952K, reserved 1179648K
  class space    used 10226K, committed 10496K, reserved 1048576K
}
Event: 2353.877 GC heap after
{Heap after GC invocations=33 (full 1):
 garbage-first heap   total 66560K, used 34293K [0x000000008a600000, 0x0000000100000000)
  region size 1024K, 3 young (3072K), 3 survivors (3072K)
 Metaspace       used 77359K, committed 77952K, reserved 1179648K
  class space    used 10226K, committed 10496K, reserved 1048576K
}
Event: 2353.894 GC heap before
{Heap before GC invocations=33 (full 1):
 garbage-first heap   total 66560K, used 35317K [0x000000008a600000, 0x0000000100000000)
  region size 1024K, 4 young (4096K), 3 survivors (3072K)
 Metaspace       used 77366K, committed 77952K, reserved 1179648K
  class space    used 10226K, committed 10496K, reserved 1048576K
}
Event: 2353.897 GC heap after
{Heap after GC invocations=34 (full 1):
 garbage-first heap   total 79872K, used 34690K [0x000000008a600000, 0x0000000100000000)
  region size 1024K, 1 young (1024K), 1 survivors (1024K)
 Metaspace       used 77366K, committed 77952K, reserved 1179648K
  class space    used 10226K, committed 10496K, reserved 1048576K
}
Event: 2356.576 GC heap before
{Heap before GC invocations=34 (full 1):
 garbage-first heap   total 79872K, used 41858K [0x000000008a600000, 0x0000000100000000)
  region size 1024K, 9 young (9216K), 1 survivors (1024K)
 Metaspace       used 77424K, committed 77952K, reserved 1179648K
  class space    used 10228K, committed 10496K, reserved 1048576K
}
Event: 2356.615 GC heap after
{Heap after GC invocations=35 (full 2):
 garbage-first heap   total 79872K, used 27133K [0x000000008a600000, 0x0000000100000000)
  region size 1024K, 0 young (0K), 0 survivors (0K)
 Metaspace       used 77418K, committed 77952K, reserved 1179648K
  class space    used 10227K, committed 10496K, reserved 1048576K
}
Event: 2357.130 GC heap before
{Heap before GC invocations=35 (full 2):
 garbage-first heap   total 79872K, used 59901K [0x000000008a600000, 0x0000000100000000)
  region size 1024K, 32 young (32768K), 0 survivors (0K)
 Metaspace       used 77843K, committed 78464K, reserved 1179648K
  class space    used 10253K, committed 10560K, reserved 1048576K
}
Event: 2357.133 GC heap after
{Heap after GC invocations=36 (full 2):
 garbage-first heap   total 79872K, used 30162K [0x000000008a600000, 0x0000000100000000)
  region size 1024K, 3 young (3072K), 3 survivors (3072K)
 Metaspace       used 77843K, committed 78464K, reserved 1179648K
  class space    used 10253K, committed 10560K, reserved 1048576K
}
Event: 2357.537 GC heap before
{Heap before GC invocations=37 (full 2):
 garbage-first heap   total 79872K, used 59858K [0x000000008a600000, 0x0000000100000000)
  region size 1024K, 32 young (32768K), 3 survivors (3072K)
 Metaspace       used 78252K, committed 78848K, reserved 1179648K
  class space    used 10270K, committed 10560K, reserved 1048576K
}
Event: 2357.540 GC heap after
{Heap after GC invocations=38 (full 2):
 garbage-first heap   total 79872K, used 31846K [0x000000008a600000, 0x0000000100000000)
  region size 1024K, 2 young (2048K), 2 survivors (2048K)
 Metaspace       used 78252K, committed 78848K, reserved 1179648K
  class space    used 10270K, committed 10560K, reserved 1048576K
}
Event: 2357.941 GC heap before
{Heap before GC invocations=38 (full 2):
 garbage-first heap   total 79872K, used 60518K [0x000000008a600000, 0x0000000100000000)
  region size 1024K, 30 young (30720K), 2 survivors (2048K)
 Metaspace       used 78761K, committed 79296K, reserved 1179648K
  class space    used 10295K, committed 10560K, reserved 1048576K
}
Event: 2357.944 GC heap after
{Heap after GC invocations=39 (full 2):
 garbage-first heap   total 79872K, used 33673K [0x000000008a600000, 0x0000000100000000)
  region size 1024K, 4 young (4096K), 4 survivors (4096K)
 Metaspace       used 78761K, committed 79296K, reserved 1179648K
  class space    used 10295K, committed 10560K, reserved 1048576K
}
Event: 2686.443 GC heap before
{Heap before GC invocations=40 (full 2):
 garbage-first heap   total 79872K, used 50057K [0x000000008a600000, 0x0000000100000000)
  region size 1024K, 21 young (21504K), 4 survivors (4096K)
 Metaspace       used 78777K, committed 79360K, reserved 1179648K
  class space    used 10295K, committed 10560K, reserved 1048576K
}
Event: 2686.857 GC heap after
{Heap after GC invocations=41 (full 3):
 garbage-first heap   total 79872K, used 27674K [0x000000008a600000, 0x0000000100000000)
  region size 1024K, 0 young (0K), 0 survivors (0K)
 Metaspace       used 78771K, committed 79360K, reserved 1179648K
  class space    used 10294K, committed 10560K, reserved 1048576K
}

