# JRE version: OpenJDK Runtime Environment Temurin-21.0.6+7 (21.0.6+7) (build 21.0.6+7-LTS)
# Java VM: OpenJDK 64-Bit Server VM Temurin-21.0.6+7 (21.0.6+7-LTS, mixed mode, sharing, tiered, compressed oops, compressed class ptrs, parallel gc, windows-amd64)
GC Precious Log:
 CardTable entry size: 512
 CPUs: 12 total, 12 available
 Memory: 7521M
 Large Page Support: Disabled
 NUMA Support: Disabled
 Compressed Oops: Enabled (32-bit)
 Alignments: Space 512K, Generation 512K, Heap 2M
 Heap Min Capacity: 100M
 Heap Initial Capacity: 100M
 Heap Max Capacity: 1G
 Pre-touch: Disabled
 Parallel Workers: 10
Heap:
 PSYoungGen      total 11264K, used 2017K [0x00000000eab00000, 0x00000000eb900000, 0x0000000100000000)
  eden space 9216K, 0% used [0x00000000eab00000,0x00000000eab00000,0x00000000eb400000)
  from space 2048K, 98% used [0x00000000eb700000,0x00000000eb8f8440,0x00000000eb900000)
  to   space 2560K, 0% used [0x00000000eb480000,0x00000000eb480000,0x00000000eb700000)
 ParOldGen       total 120832K, used 120586K [0x00000000c0000000, 0x00000000c7600000, 0x00000000eab00000)
  object space 120832K, 99% used [0x00000000c0000000,0x00000000c75c2908,0x00000000c7600000)
 Metaspace       used 63580K, committed 65152K, reserved 1114112K
  class space    used 6578K, committed 7296K, reserved 1048576K
GC Heap History (20 events):
Event: 24.951 GC heap after
{Heap after GC invocations=65 (full 3):
 PSYoungGen      total 13824K, used 2993K [0x00000000eab00000, 0x00000000ebd00000, 0x0000000100000000)
  eden space 10752K, 0% used [0x00000000eab00000,0x00000000eab00000,0x00000000eb580000)
  from space 3072K, 97% used [0x00000000eb900000,0x00000000ebbec7e0,0x00000000ebc00000)
  to   space 3584K, 0% used [0x00000000eb580000,0x00000000eb580000,0x00000000eb900000)
 ParOldGen       total 97792K, used 97450K [0x00000000c0000000, 0x00000000c5f80000, 0x00000000eab00000)
  object space 97792K, 99% used [0x00000000c0000000,0x00000000c5f2a908,0x00000000c5f80000)
 Metaspace       used 60810K, committed 62336K, reserved 1114112K
  class space    used 6294K, committed 6976K, reserved 1048576K
}
Event: 24.970 GC heap before
{Heap before GC invocations=66 (full 3):
 PSYoungGen      total 13824K, used 13745K [0x00000000eab00000, 0x00000000ebd00000, 0x0000000100000000)
  eden space 10752K, 100% used [0x00000000eab00000,0x00000000eb580000,0x00000000eb580000)
  from space 3072K, 97% used [0x00000000eb900000,0x00000000ebbec7e0,0x00000000ebc00000)
  to   space 3584K, 0% used [0x00000000eb580000,0x00000000eb580000,0x00000000eb900000)
 ParOldGen       total 97792K, used 97450K [0x00000000c0000000, 0x00000000c5f80000, 0x00000000eab00000)
  object space 97792K, 99% used [0x00000000c0000000,0x00000000c5f2a908,0x00000000c5f80000)
 Metaspace       used 60873K, committed 62400K, reserved 1114112K
  class space    used 6307K, committed 6976K, reserved 1048576K
}
Event: 24.973 GC heap after
{Heap after GC invocations=66 (full 3):
 PSYoungGen      total 13824K, used 2738K [0x00000000eab00000, 0x00000000ebb80000, 0x0000000100000000)
  eden space 10752K, 0% used [0x00000000eab00000,0x00000000eab00000,0x00000000eb580000)
  from space 3072K, 89% used [0x00000000eb580000,0x00000000eb82c8a8,0x00000000eb880000)
  to   space 3072K, 0% used [0x00000000eb880000,0x00000000eb880000,0x00000000ebb80000)
 ParOldGen       total 100864K, used 100393K [0x00000000c0000000, 0x00000000c6280000, 0x00000000eab00000)
  object space 100864K, 99% used [0x00000000c0000000,0x00000000c620a468,0x00000000c6280000)
 Metaspace       used 60873K, committed 62400K, reserved 1114112K
  class space    used 6307K, committed 6976K, reserved 1048576K
}
Event: 25.052 GC heap before
{Heap before GC invocations=67 (full 3):
 PSYoungGen      total 13824K, used 13490K [0x00000000eab00000, 0x00000000ebb80000, 0x0000000100000000)
  eden space 10752K, 100% used [0x00000000eab00000,0x00000000eb580000,0x00000000eb580000)
  from space 3072K, 89% used [0x00000000eb580000,0x00000000eb82c8a8,0x00000000eb880000)
  to   space 3072K, 0% used [0x00000000eb880000,0x00000000eb880000,0x00000000ebb80000)
 ParOldGen       total 100864K, used 100393K [0x00000000c0000000, 0x00000000c6280000, 0x00000000eab00000)
  object space 100864K, 99% used [0x00000000c0000000,0x00000000c620a468,0x00000000c6280000)
 Metaspace       used 61209K, committed 62720K, reserved 1114112K
  class space    used 6334K, committed 6976K, reserved 1048576K
}
Event: 25.056 GC heap after
{Heap after GC invocations=67 (full 3):
 PSYoungGen      total 13824K, used 2790K [0x00000000eab00000, 0x00000000ebb80000, 0x0000000100000000)
  eden space 10752K, 0% used [0x00000000eab00000,0x00000000eab00000,0x00000000eb580000)
  from space 3072K, 90% used [0x00000000eb880000,0x00000000ebb39b68,0x00000000ebb80000)
  to   space 3072K, 0% used [0x00000000eb580000,0x00000000eb580000,0x00000000eb880000)
 ParOldGen       total 103424K, used 103004K [0x00000000c0000000, 0x00000000c6500000, 0x00000000eab00000)
  object space 103424K, 99% used [0x00000000c0000000,0x00000000c6497318,0x00000000c6500000)
 Metaspace       used 61209K, committed 62720K, reserved 1114112K
  class space    used 6334K, committed 6976K, reserved 1048576K
}
Event: 25.134 GC heap before
{Heap before GC invocations=68 (full 3):
 PSYoungGen      total 13824K, used 13542K [0x00000000eab00000, 0x00000000ebb80000, 0x0000000100000000)
  eden space 10752K, 100% used [0x00000000eab00000,0x00000000eb580000,0x00000000eb580000)
  from space 3072K, 90% used [0x00000000eb880000,0x00000000ebb39b68,0x00000000ebb80000)
  to   space 3072K, 0% used [0x00000000eb580000,0x00000000eb580000,0x00000000eb880000)
 ParOldGen       total 103424K, used 103004K [0x00000000c0000000, 0x00000000c6500000, 0x00000000eab00000)
  object space 103424K, 99% used [0x00000000c0000000,0x00000000c6497318,0x00000000c6500000)
 Metaspace       used 61402K, committed 62912K, reserved 1114112K
  class space    used 6360K, committed 7040K, reserved 1048576K
}
Event: 25.138 GC heap after
{Heap after GC invocations=68 (full 3):
 PSYoungGen      total 13824K, used 2533K [0x00000000eab00000, 0x00000000ebb80000, 0x0000000100000000)
  eden space 10752K, 0% used [0x00000000eab00000,0x00000000eab00000,0x00000000eb580000)
  from space 3072K, 82% used [0x00000000eb580000,0x00000000eb7f9760,0x00000000eb880000)
  to   space 3072K, 0% used [0x00000000eb880000,0x00000000eb880000,0x00000000ebb80000)
 ParOldGen       total 105984K, used 105660K [0x00000000c0000000, 0x00000000c6780000, 0x00000000eab00000)
  object space 105984K, 99% used [0x00000000c0000000,0x00000000c672f140,0x00000000c6780000)
 Metaspace       used 61402K, committed 62912K, reserved 1114112K
  class space    used 6360K, committed 7040K, reserved 1048576K
}
Event: 25.203 GC heap before
{Heap before GC invocations=69 (full 3):
 PSYoungGen      total 13824K, used 13285K [0x00000000eab00000, 0x00000000ebb80000, 0x0000000100000000)
  eden space 10752K, 100% used [0x00000000eab00000,0x00000000eb580000,0x00000000eb580000)
  from space 3072K, 82% used [0x00000000eb580000,0x00000000eb7f9760,0x00000000eb880000)
  to   space 3072K, 0% used [0x00000000eb880000,0x00000000eb880000,0x00000000ebb80000)
 ParOldGen       total 105984K, used 105660K [0x00000000c0000000, 0x00000000c6780000, 0x00000000eab00000)
  object space 105984K, 99% used [0x00000000c0000000,0x00000000c672f140,0x00000000c6780000)
 Metaspace       used 61793K, committed 63232K, reserved 1114112K
  class space    used 6401K, committed 7040K, reserved 1048576K
}
Event: 25.206 GC heap after
{Heap after GC invocations=69 (full 3):
 PSYoungGen      total 13312K, used 2258K [0x00000000eab00000, 0x00000000ebb00000, 0x0000000100000000)
  eden space 10752K, 0% used [0x00000000eab00000,0x00000000eab00000,0x00000000eb580000)
  from space 2560K, 88% used [0x00000000eb880000,0x00000000ebab4900,0x00000000ebb00000)
  to   space 2560K, 0% used [0x00000000eb600000,0x00000000eb600000,0x00000000eb880000)
 ParOldGen       total 108544K, used 108048K [0x00000000c0000000, 0x00000000c6a00000, 0x00000000eab00000)
  object space 108544K, 99% used [0x00000000c0000000,0x00000000c6984258,0x00000000c6a00000)
 Metaspace       used 61793K, committed 63232K, reserved 1114112K
  class space    used 6401K, committed 7040K, reserved 1048576K
}
Event: 25.253 GC heap before
{Heap before GC invocations=70 (full 3):
 PSYoungGen      total 13312K, used 12944K [0x00000000eab00000, 0x00000000ebb00000, 0x0000000100000000)
  eden space 10752K, 99% used [0x00000000eab00000,0x00000000eb56f708,0x00000000eb580000)
  from space 2560K, 88% used [0x00000000eb880000,0x00000000ebab4900,0x00000000ebb00000)
  to   space 2560K, 0% used [0x00000000eb600000,0x00000000eb600000,0x00000000eb880000)
 ParOldGen       total 108544K, used 108048K [0x00000000c0000000, 0x00000000c6a00000, 0x00000000eab00000)
  object space 108544K, 99% used [0x00000000c0000000,0x00000000c6984258,0x00000000c6a00000)
 Metaspace       used 61988K, committed 63552K, reserved 1114112K
  class space    used 6411K, committed 7104K, reserved 1048576K
}
Event: 25.257 GC heap after
{Heap after GC invocations=70 (full 3):
 PSYoungGen      total 13312K, used 2487K [0x00000000eab00000, 0x00000000eba80000, 0x0000000100000000)
  eden space 10752K, 0% used [0x00000000eab00000,0x00000000eab00000,0x00000000eb580000)
  from space 2560K, 97% used [0x00000000eb600000,0x00000000eb86def8,0x00000000eb880000)
  to   space 2048K, 0% used [0x00000000eb880000,0x00000000eb880000,0x00000000eba80000)
 ParOldGen       total 110080K, used 110003K [0x00000000c0000000, 0x00000000c6b80000, 0x00000000eab00000)
  object space 110080K, 99% used [0x00000000c0000000,0x00000000c6b6cf70,0x00000000c6b80000)
 Metaspace       used 61988K, committed 63552K, reserved 1114112K
  class space    used 6411K, committed 7104K, reserved 1048576K
}
Event: 25.336 GC heap before
{Heap before GC invocations=71 (full 3):
 PSYoungGen      total 13312K, used 13239K [0x00000000eab00000, 0x00000000eba80000, 0x0000000100000000)
  eden space 10752K, 100% used [0x00000000eab00000,0x00000000eb580000,0x00000000eb580000)
  from space 2560K, 97% used [0x00000000eb600000,0x00000000eb86def8,0x00000000eb880000)
  to   space 2048K, 0% used [0x00000000eb880000,0x00000000eb880000,0x00000000eba80000)
 ParOldGen       total 110080K, used 110003K [0x00000000c0000000, 0x00000000c6b80000, 0x00000000eab00000)
  object space 110080K, 99% used [0x00000000c0000000,0x00000000c6b6cf70,0x00000000c6b80000)
 Metaspace       used 62596K, committed 64128K, reserved 1114112K
  class space    used 6475K, committed 7168K, reserved 1048576K
}
Event: 25.338 GC heap after
{Heap after GC invocations=71 (full 3):
 PSYoungGen      total 11264K, used 2016K [0x00000000eab00000, 0x00000000ebe80000, 0x0000000100000000)
  eden space 9216K, 0% used [0x00000000eab00000,0x00000000eab00000,0x00000000eb400000)
  from space 2048K, 98% used [0x00000000eb880000,0x00000000eba78298,0x00000000eba80000)
  to   space 4608K, 0% used [0x00000000eb400000,0x00000000eb400000,0x00000000eb880000)
 ParOldGen       total 112640K, used 112168K [0x00000000c0000000, 0x00000000c6e00000, 0x00000000eab00000)
  object space 112640K, 99% used [0x00000000c0000000,0x00000000c6d8a2a8,0x00000000c6e00000)
 Metaspace       used 62596K, committed 64128K, reserved 1114112K
  class space    used 6475K, committed 7168K, reserved 1048576K
}
Event: 25.412 GC heap before
{Heap before GC invocations=72 (full 3):
 PSYoungGen      total 11264K, used 11232K [0x00000000eab00000, 0x00000000ebe80000, 0x0000000100000000)
  eden space 9216K, 100% used [0x00000000eab00000,0x00000000eb400000,0x00000000eb400000)
  from space 2048K, 98% used [0x00000000eb880000,0x00000000eba78298,0x00000000eba80000)
  to   space 4608K, 0% used [0x00000000eb400000,0x00000000eb400000,0x00000000eb880000)
 ParOldGen       total 112640K, used 112168K [0x00000000c0000000, 0x00000000c6e00000, 0x00000000eab00000)
  object space 112640K, 99% used [0x00000000c0000000,0x00000000c6d8a2a8,0x00000000c6e00000)
 Metaspace       used 63051K, committed 64640K, reserved 1114112K
  class space    used 6530K, committed 7232K, reserved 1048576K
}
Event: 25.416 GC heap after
{Heap after GC invocations=72 (full 3):
 PSYoungGen      total 12288K, used 2755K [0x00000000eab00000, 0x00000000ebb00000, 0x0000000100000000)
  eden space 9216K, 0% used [0x00000000eab00000,0x00000000eab00000,0x00000000eb400000)
  from space 3072K, 89% used [0x00000000eb400000,0x00000000eb6b0d00,0x00000000eb700000)
  to   space 3584K, 0% used [0x00000000eb780000,0x00000000eb780000,0x00000000ebb00000)
 ParOldGen       total 114176K, used 114067K [0x00000000c0000000, 0x00000000c6f80000, 0x00000000eab00000)
  object space 114176K, 99% used [0x00000000c0000000,0x00000000c6f64e90,0x00000000c6f80000)
 Metaspace       used 63051K, committed 64640K, reserved 1114112K
  class space    used 6530K, committed 7232K, reserved 1048576K
}
Event: 25.532 GC heap before
{Heap before GC invocations=73 (full 3):
 PSYoungGen      total 12288K, used 11971K [0x00000000eab00000, 0x00000000ebb00000, 0x0000000100000000)
  eden space 9216K, 100% used [0x00000000eab00000,0x00000000eb400000,0x00000000eb400000)
  from space 3072K, 89% used [0x00000000eb400000,0x00000000eb6b0d00,0x00000000eb700000)
  to   space 3584K, 0% used [0x00000000eb780000,0x00000000eb780000,0x00000000ebb00000)
 ParOldGen       total 114176K, used 114067K [0x00000000c0000000, 0x00000000c6f80000, 0x00000000eab00000)
  object space 114176K, 99% used [0x00000000c0000000,0x00000000c6f64e90,0x00000000c6f80000)
 Metaspace       used 63410K, committed 64960K, reserved 1114112K
  class space    used 6562K, committed 7232K, reserved 1048576K
}
Event: 25.537 GC heap after
{Heap after GC invocations=73 (full 3):
 PSYoungGen      total 11264K, used 1929K [0x00000000eab00000, 0x00000000eb980000, 0x0000000100000000)
  eden space 9216K, 0% used [0x00000000eab00000,0x00000000eab00000,0x00000000eb400000)
  from space 2048K, 94% used [0x00000000eb780000,0x00000000eb962548,0x00000000eb980000)
  to   space 2560K, 0% used [0x00000000eb480000,0x00000000eb480000,0x00000000eb700000)
 ParOldGen       total 117248K, used 116661K [0x00000000c0000000, 0x00000000c7280000, 0x00000000eab00000)
  object space 117248K, 99% used [0x00000000c0000000,0x00000000c71ed5a0,0x00000000c7280000)
 Metaspace       used 63410K, committed 64960K, reserved 1114112K
  class space    used 6562K, committed 7232K, reserved 1048576K
}
Event: 25.569 GC heap before
{Heap before GC invocations=74 (full 3):
 PSYoungGen      total 11264K, used 11145K [0x00000000eab00000, 0x00000000eb980000, 0x0000000100000000)
  eden space 9216K, 100% used [0x00000000eab00000,0x00000000eb400000,0x00000000eb400000)
  from space 2048K, 94% used [0x00000000eb780000,0x00000000eb962548,0x00000000eb980000)
  to   space 2560K, 0% used [0x00000000eb480000,0x00000000eb480000,0x00000000eb700000)
 ParOldGen       total 117248K, used 116661K [0x00000000c0000000, 0x00000000c7280000, 0x00000000eab00000)
  object space 117248K, 99% used [0x00000000c0000000,0x00000000c71ed5a0,0x00000000c7280000)
 Metaspace       used 63437K, committed 64960K, reserved 1114112K
  class space    used 6564K, committed 7232K, reserved 1048576K
}
Event: 25.573 GC heap after
{Heap after GC invocations=74 (full 3):
 PSYoungGen      total 11776K, used 2262K [0x00000000eab00000, 0x00000000eb900000, 0x0000000100000000)
  eden space 9216K, 0% used [0x00000000eab00000,0x00000000eab00000,0x00000000eb400000)
  from space 2560K, 88% used [0x00000000eb480000,0x00000000eb6b5a00,0x00000000eb700000)
  to   space 2048K, 0% used [0x00000000eb700000,0x00000000eb700000,0x00000000eb900000)
 ParOldGen       total 118784K, used 118403K [0x00000000c0000000, 0x00000000c7400000, 0x00000000eab00000)
  object space 118784K, 99% used [0x00000000c0000000,0x00000000c73a0e98,0x00000000c7400000)
 Metaspace       used 63437K, committed 64960K, reserved 1114112K
  class space    used 6564K, committed 7232K, reserved 1048576K
}
Event: 25.609 GC heap before
{Heap before GC invocations=75 (full 3):
 PSYoungGen      total 11776K, used 11478K [0x00000000eab00000, 0x00000000eb900000, 0x0000000100000000)
  eden space 9216K, 100% used [0x00000000eab00000,0x00000000eb400000,0x00000000eb400000)
  from space 2560K, 88% used [0x00000000eb480000,0x00000000eb6b5a00,0x00000000eb700000)
  to   space 2048K, 0% used [0x00000000eb700000,0x00000000eb700000,0x00000000eb900000)
 ParOldGen       total 118784K, used 118403K [0x00000000c0000000, 0x00000000c7400000, 0x00000000eab00000)
  object space 118784K, 99% used [0x00000000c0000000,0x00000000c73a0e98,0x00000000c7400000)
 Metaspace       used 63580K, committed 65152K, reserved 1114112K
  class space    used 6578K, committed 7296K, reserved 1048576K
}

