# JRE version: OpenJDK Runtime Environment Temurin-21.0.6+7 (21.0.6+7) (build 21.0.6+7-LTS)
# Java VM: OpenJDK 64-Bit Server VM Temurin-21.0.6+7 (21.0.6+7-LTS, mixed mode, sharing, tiered, compressed oops, compressed class ptrs, parallel gc, windows-amd64)
GC Precious Log:
 CardTable entry size: 512
 CPUs: 12 total, 12 available
 Memory: 7521M
 Large Page Support: Disabled
 NUMA Support: Disabled
 Compressed Oops: Enabled (32-bit)
 Alignments: Space 512K, Generation 512K, Heap 2M
 Heap Min Capacity: 100M
 Heap Initial Capacity: 100M
 Heap Max Capacity: 1G
 Pre-touch: Disabled
 Parallel Workers: 10
Heap:
 PSYoungGen      total 23552K, used 5310K [0x00000000eab00000, 0x00000000ec580000, 0x0000000100000000)
  eden space 22016K, 18% used [0x00000000eab00000,0x00000000eaf0fb70,0x00000000ec080000)
  from space 1536K, 75% used [0x00000000ec380000,0x00000000ec4a0000,0x00000000ec500000)
  to   space 512K, 0% used [0x00000000ec500000,0x00000000ec500000,0x00000000ec580000)
 ParOldGen       total 68608K, used 23132K [0x00000000c0000000, 0x00000000c4300000, 0x00000000eab00000)
  object space 68608K, 33% used [0x00000000c0000000,0x00000000c1697150,0x00000000c4300000)
 Metaspace       used 46642K, committed 47744K, reserved 1114112K
  class space    used 4939K, committed 5376K, reserved 1048576K
GC Heap History (20 events):
Event: 4.749 GC heap before
{Heap before GC invocations=12 (full 1):
 PSYoungGen      total 25600K, used 25320K [0x00000000eab00000, 0x00000000eca00000, 0x0000000100000000)
  eden space 23552K, 100% used [0x00000000eab00000,0x00000000ec200000,0x00000000ec200000)
  from space 2048K, 86% used [0x00000000ec800000,0x00000000ec9ba1b0,0x00000000eca00000)
  to   space 2048K, 0% used [0x00000000ec600000,0x00000000ec600000,0x00000000ec800000)
 ParOldGen       total 68608K, used 14096K [0x00000000c0000000, 0x00000000c4300000, 0x00000000eab00000)
  object space 68608K, 20% used [0x00000000c0000000,0x00000000c0dc4260,0x00000000c4300000)
 Metaspace       used 28116K, committed 28992K, reserved 1114112K
  class space    used 2765K, committed 3136K, reserved 1048576K
}
Event: 4.751 GC heap after
{Heap after GC invocations=12 (full 1):
 PSYoungGen      total 24064K, used 682K [0x00000000eab00000, 0x00000000ec880000, 0x0000000100000000)
  eden space 23040K, 0% used [0x00000000eab00000,0x00000000eab00000,0x00000000ec180000)
  from space 1024K, 66% used [0x00000000ec600000,0x00000000ec6aaa40,0x00000000ec700000)
  to   space 1536K, 0% used [0x00000000ec700000,0x00000000ec700000,0x00000000ec880000)
 ParOldGen       total 68608K, used 15566K [0x00000000c0000000, 0x00000000c4300000, 0x00000000eab00000)
  object space 68608K, 22% used [0x00000000c0000000,0x00000000c0f338e0,0x00000000c4300000)
 Metaspace       used 28116K, committed 28992K, reserved 1114112K
  class space    used 2765K, committed 3136K, reserved 1048576K
}
Event: 6.314 GC heap before
{Heap before GC invocations=13 (full 1):
 PSYoungGen      total 24064K, used 23722K [0x00000000eab00000, 0x00000000ec880000, 0x0000000100000000)
  eden space 23040K, 100% used [0x00000000eab00000,0x00000000ec180000,0x00000000ec180000)
  from space 1024K, 66% used [0x00000000ec600000,0x00000000ec6aaa40,0x00000000ec700000)
  to   space 1536K, 0% used [0x00000000ec700000,0x00000000ec700000,0x00000000ec880000)
 ParOldGen       total 68608K, used 15566K [0x00000000c0000000, 0x00000000c4300000, 0x00000000eab00000)
  object space 68608K, 22% used [0x00000000c0000000,0x00000000c0f338e0,0x00000000c4300000)
 Metaspace       used 30310K, committed 31168K, reserved 1114112K
  class space    used 3012K, committed 3392K, reserved 1048576K
}
Event: 6.316 GC heap after
{Heap after GC invocations=13 (full 1):
 PSYoungGen      total 23552K, used 986K [0x00000000eab00000, 0x00000000ec800000, 0x0000000100000000)
  eden space 22528K, 0% used [0x00000000eab00000,0x00000000eab00000,0x00000000ec100000)
  from space 1024K, 96% used [0x00000000ec700000,0x00000000ec7f6b28,0x00000000ec800000)
  to   space 1536K, 0% used [0x00000000ec500000,0x00000000ec500000,0x00000000ec680000)
 ParOldGen       total 68608K, used 16120K [0x00000000c0000000, 0x00000000c4300000, 0x00000000eab00000)
  object space 68608K, 23% used [0x00000000c0000000,0x00000000c0fbe360,0x00000000c4300000)
 Metaspace       used 30310K, committed 31168K, reserved 1114112K
  class space    used 3012K, committed 3392K, reserved 1048576K
}
Event: 6.739 GC heap before
{Heap before GC invocations=14 (full 1):
 PSYoungGen      total 23552K, used 23514K [0x00000000eab00000, 0x00000000ec800000, 0x0000000100000000)
  eden space 22528K, 100% used [0x00000000eab00000,0x00000000ec100000,0x00000000ec100000)
  from space 1024K, 96% used [0x00000000ec700000,0x00000000ec7f6b28,0x00000000ec800000)
  to   space 1536K, 0% used [0x00000000ec500000,0x00000000ec500000,0x00000000ec680000)
 ParOldGen       total 68608K, used 16120K [0x00000000c0000000, 0x00000000c4300000, 0x00000000eab00000)
  object space 68608K, 23% used [0x00000000c0000000,0x00000000c0fbe360,0x00000000c4300000)
 Metaspace       used 34063K, committed 35008K, reserved 1114112K
  class space    used 3450K, committed 3840K, reserved 1048576K
}
Event: 6.741 GC heap after
{Heap after GC invocations=14 (full 1):
 PSYoungGen      total 23552K, used 1184K [0x00000000eab00000, 0x00000000ec780000, 0x0000000100000000)
  eden space 22016K, 0% used [0x00000000eab00000,0x00000000eab00000,0x00000000ec080000)
  from space 1536K, 77% used [0x00000000ec500000,0x00000000ec628000,0x00000000ec680000)
  to   space 1024K, 0% used [0x00000000ec680000,0x00000000ec680000,0x00000000ec780000)
 ParOldGen       total 68608K, used 16940K [0x00000000c0000000, 0x00000000c4300000, 0x00000000eab00000)
  object space 68608K, 24% used [0x00000000c0000000,0x00000000c108b0f8,0x00000000c4300000)
 Metaspace       used 34063K, committed 35008K, reserved 1114112K
  class space    used 3450K, committed 3840K, reserved 1048576K
}
Event: 7.067 GC heap before
{Heap before GC invocations=15 (full 1):
 PSYoungGen      total 23552K, used 7488K [0x00000000eab00000, 0x00000000ec780000, 0x0000000100000000)
  eden space 22016K, 28% used [0x00000000eab00000,0x00000000eb128370,0x00000000ec080000)
  from space 1536K, 77% used [0x00000000ec500000,0x00000000ec628000,0x00000000ec680000)
  to   space 1024K, 0% used [0x00000000ec680000,0x00000000ec680000,0x00000000ec780000)
 ParOldGen       total 68608K, used 16940K [0x00000000c0000000, 0x00000000c4300000, 0x00000000eab00000)
  object space 68608K, 24% used [0x00000000c0000000,0x00000000c108b0f8,0x00000000c4300000)
 Metaspace       used 34879K, committed 35840K, reserved 1114112K
  class space    used 3542K, committed 3968K, reserved 1048576K
}
Event: 7.069 GC heap after
{Heap after GC invocations=15 (full 1):
 PSYoungGen      total 23040K, used 547K [0x00000000eab00000, 0x00000000ec780000, 0x0000000100000000)
  eden space 22016K, 0% used [0x00000000eab00000,0x00000000eab00000,0x00000000ec080000)
  from space 1024K, 53% used [0x00000000ec680000,0x00000000ec708f40,0x00000000ec780000)
  to   space 1024K, 0% used [0x00000000ec580000,0x00000000ec580000,0x00000000ec680000)
 ParOldGen       total 68608K, used 17934K [0x00000000c0000000, 0x00000000c4300000, 0x00000000eab00000)
  object space 68608K, 26% used [0x00000000c0000000,0x00000000c1183aa0,0x00000000c4300000)
 Metaspace       used 34879K, committed 35840K, reserved 1114112K
  class space    used 3542K, committed 3968K, reserved 1048576K
}
Event: 7.069 GC heap before
{Heap before GC invocations=16 (full 2):
 PSYoungGen      total 23040K, used 547K [0x00000000eab00000, 0x00000000ec780000, 0x0000000100000000)
  eden space 22016K, 0% used [0x00000000eab00000,0x00000000eab00000,0x00000000ec080000)
  from space 1024K, 53% used [0x00000000ec680000,0x00000000ec708f40,0x00000000ec780000)
  to   space 1024K, 0% used [0x00000000ec580000,0x00000000ec580000,0x00000000ec680000)
 ParOldGen       total 68608K, used 17934K [0x00000000c0000000, 0x00000000c4300000, 0x00000000eab00000)
  object space 68608K, 26% used [0x00000000c0000000,0x00000000c1183aa0,0x00000000c4300000)
 Metaspace       used 34879K, committed 35840K, reserved 1114112K
  class space    used 3542K, committed 3968K, reserved 1048576K
}
Event: 7.104 GC heap after
{Heap after GC invocations=16 (full 2):
 PSYoungGen      total 23040K, used 0K [0x00000000eab00000, 0x00000000ec780000, 0x0000000100000000)
  eden space 22016K, 0% used [0x00000000eab00000,0x00000000eab00000,0x00000000ec080000)
  from space 1024K, 0% used [0x00000000ec680000,0x00000000ec680000,0x00000000ec780000)
  to   space 1024K, 0% used [0x00000000ec580000,0x00000000ec580000,0x00000000ec680000)
 ParOldGen       total 68608K, used 17137K [0x00000000c0000000, 0x00000000c4300000, 0x00000000eab00000)
  object space 68608K, 24% used [0x00000000c0000000,0x00000000c10bc440,0x00000000c4300000)
 Metaspace       used 34879K, committed 35840K, reserved 1114112K
  class space    used 3542K, committed 3968K, reserved 1048576K
}
Event: 7.300 GC heap before
{Heap before GC invocations=17 (full 2):
 PSYoungGen      total 23040K, used 22015K [0x00000000eab00000, 0x00000000ec780000, 0x0000000100000000)
  eden space 22016K, 99% used [0x00000000eab00000,0x00000000ec07fff8,0x00000000ec080000)
  from space 1024K, 0% used [0x00000000ec680000,0x00000000ec680000,0x00000000ec780000)
  to   space 1024K, 0% used [0x00000000ec580000,0x00000000ec580000,0x00000000ec680000)
 ParOldGen       total 68608K, used 17137K [0x00000000c0000000, 0x00000000c4300000, 0x00000000eab00000)
  object space 68608K, 24% used [0x00000000c0000000,0x00000000c10bc440,0x00000000c4300000)
 Metaspace       used 37628K, committed 38784K, reserved 1114112K
  class space    used 3872K, committed 4352K, reserved 1048576K
}
Event: 7.301 GC heap after
{Heap after GC invocations=17 (full 2):
 PSYoungGen      total 23040K, used 1021K [0x00000000eab00000, 0x00000000ec700000, 0x0000000100000000)
  eden space 22016K, 0% used [0x00000000eab00000,0x00000000eab00000,0x00000000ec080000)
  from space 1024K, 99% used [0x00000000ec580000,0x00000000ec67f7c0,0x00000000ec680000)
  to   space 512K, 0% used [0x00000000ec680000,0x00000000ec680000,0x00000000ec700000)
 ParOldGen       total 68608K, used 18329K [0x00000000c0000000, 0x00000000c4300000, 0x00000000eab00000)
  object space 68608K, 26% used [0x00000000c0000000,0x00000000c11e66b8,0x00000000c4300000)
 Metaspace       used 37628K, committed 38784K, reserved 1114112K
  class space    used 3872K, committed 4352K, reserved 1048576K
}
Event: 7.795 GC heap before
{Heap before GC invocations=18 (full 2):
 PSYoungGen      total 23040K, used 23037K [0x00000000eab00000, 0x00000000ec700000, 0x0000000100000000)
  eden space 22016K, 100% used [0x00000000eab00000,0x00000000ec080000,0x00000000ec080000)
  from space 1024K, 99% used [0x00000000ec580000,0x00000000ec67f7c0,0x00000000ec680000)
  to   space 512K, 0% used [0x00000000ec680000,0x00000000ec680000,0x00000000ec700000)
 ParOldGen       total 68608K, used 18329K [0x00000000c0000000, 0x00000000c4300000, 0x00000000eab00000)
  object space 68608K, 26% used [0x00000000c0000000,0x00000000c11e66b8,0x00000000c4300000)
 Metaspace       used 40177K, committed 41216K, reserved 1114112K
  class space    used 4196K, committed 4608K, reserved 1048576K
}
Event: 7.798 GC heap after
{Heap after GC invocations=18 (full 2):
 PSYoungGen      total 22528K, used 512K [0x00000000eab00000, 0x00000000ec700000, 0x0000000100000000)
  eden space 22016K, 0% used [0x00000000eab00000,0x00000000eab00000,0x00000000ec080000)
  from space 512K, 100% used [0x00000000ec680000,0x00000000ec700000,0x00000000ec700000)
  to   space 3072K, 0% used [0x00000000ec100000,0x00000000ec100000,0x00000000ec400000)
 ParOldGen       total 68608K, used 20381K [0x00000000c0000000, 0x00000000c4300000, 0x00000000eab00000)
  object space 68608K, 29% used [0x00000000c0000000,0x00000000c13e7798,0x00000000c4300000)
 Metaspace       used 40177K, committed 41216K, reserved 1114112K
  class space    used 4196K, committed 4608K, reserved 1048576K
}
Event: 8.675 GC heap before
{Heap before GC invocations=19 (full 2):
 PSYoungGen      total 22528K, used 22528K [0x00000000eab00000, 0x00000000ec700000, 0x0000000100000000)
  eden space 22016K, 100% used [0x00000000eab00000,0x00000000ec080000,0x00000000ec080000)
  from space 512K, 100% used [0x00000000ec680000,0x00000000ec700000,0x00000000ec700000)
  to   space 3072K, 0% used [0x00000000ec100000,0x00000000ec100000,0x00000000ec400000)
 ParOldGen       total 68608K, used 20381K [0x00000000c0000000, 0x00000000c4300000, 0x00000000eab00000)
  object space 68608K, 29% used [0x00000000c0000000,0x00000000c13e7798,0x00000000c4300000)
 Metaspace       used 42736K, committed 43776K, reserved 1114112K
  class space    used 4535K, committed 4928K, reserved 1048576K
}
Event: 8.679 GC heap after
{Heap after GC invocations=19 (full 2):
 PSYoungGen      total 25088K, used 1696K [0x00000000eab00000, 0x00000000ec700000, 0x0000000100000000)
  eden space 22016K, 0% used [0x00000000eab00000,0x00000000eab00000,0x00000000ec080000)
  from space 3072K, 55% used [0x00000000ec100000,0x00000000ec2a8000,0x00000000ec400000)
  to   space 2048K, 0% used [0x00000000ec500000,0x00000000ec500000,0x00000000ec700000)
 ParOldGen       total 68608K, used 20909K [0x00000000c0000000, 0x00000000c4300000, 0x00000000eab00000)
  object space 68608K, 30% used [0x00000000c0000000,0x00000000c146b7b8,0x00000000c4300000)
 Metaspace       used 42736K, committed 43776K, reserved 1114112K
  class space    used 4535K, committed 4928K, reserved 1048576K
}
Event: 9.512 GC heap before
{Heap before GC invocations=20 (full 2):
 PSYoungGen      total 25088K, used 23712K [0x00000000eab00000, 0x00000000ec700000, 0x0000000100000000)
  eden space 22016K, 100% used [0x00000000eab00000,0x00000000ec080000,0x00000000ec080000)
  from space 3072K, 55% used [0x00000000ec100000,0x00000000ec2a8000,0x00000000ec400000)
  to   space 2048K, 0% used [0x00000000ec500000,0x00000000ec500000,0x00000000ec700000)
 ParOldGen       total 68608K, used 20909K [0x00000000c0000000, 0x00000000c4300000, 0x00000000eab00000)
  object space 68608K, 30% used [0x00000000c0000000,0x00000000c146b7b8,0x00000000c4300000)
 Metaspace       used 44954K, committed 46080K, reserved 1114112K
  class space    used 4768K, committed 5248K, reserved 1048576K
}
Event: 9.515 GC heap after
{Heap after GC invocations=20 (full 2):
 PSYoungGen      total 23552K, used 1142K [0x00000000eab00000, 0x00000000ec680000, 0x0000000100000000)
  eden space 22016K, 0% used [0x00000000eab00000,0x00000000eab00000,0x00000000ec080000)
  from space 1536K, 74% used [0x00000000ec500000,0x00000000ec61dbe0,0x00000000ec680000)
  to   space 1536K, 0% used [0x00000000ec380000,0x00000000ec380000,0x00000000ec500000)
 ParOldGen       total 68608K, used 22306K [0x00000000c0000000, 0x00000000c4300000, 0x00000000eab00000)
  object space 68608K, 32% used [0x00000000c0000000,0x00000000c15c89c8,0x00000000c4300000)
 Metaspace       used 44954K, committed 46080K, reserved 1114112K
  class space    used 4768K, committed 5248K, reserved 1048576K
}
Event: 10.179 GC heap before
{Heap before GC invocations=21 (full 2):
 PSYoungGen      total 23552K, used 23158K [0x00000000eab00000, 0x00000000ec680000, 0x0000000100000000)
  eden space 22016K, 100% used [0x00000000eab00000,0x00000000ec080000,0x00000000ec080000)
  from space 1536K, 74% used [0x00000000ec500000,0x00000000ec61dbe0,0x00000000ec680000)
  to   space 1536K, 0% used [0x00000000ec380000,0x00000000ec380000,0x00000000ec500000)
 ParOldGen       total 68608K, used 22306K [0x00000000c0000000, 0x00000000c4300000, 0x00000000eab00000)
  object space 68608K, 32% used [0x00000000c0000000,0x00000000c15c89c8,0x00000000c4300000)
 Metaspace       used 46243K, committed 47360K, reserved 1114112K
  class space    used 4895K, committed 5376K, reserved 1048576K
}
Event: 10.181 GC heap after
{Heap after GC invocations=21 (full 2):
 PSYoungGen      total 23552K, used 1152K [0x00000000eab00000, 0x00000000ec580000, 0x0000000100000000)
  eden space 22016K, 0% used [0x00000000eab00000,0x00000000eab00000,0x00000000ec080000)
  from space 1536K, 75% used [0x00000000ec380000,0x00000000ec4a0000,0x00000000ec500000)
  to   space 512K, 0% used [0x00000000ec500000,0x00000000ec500000,0x00000000ec580000)
 ParOldGen       total 68608K, used 23132K [0x00000000c0000000, 0x00000000c4300000, 0x00000000eab00000)
  object space 68608K, 33% used [0x00000000c0000000,0x00000000c1697150,0x00000000c4300000)
 Metaspace       used 46243K, committed 47360K, reserved 1114112K
  class space    used 4895K, committed 5376K, reserved 1048576K
}

