# JRE version: OpenJDK Runtime Environment Temurin-21.0.6+7 (21.0.6+7) (build 21.0.6+7-LTS)
# Java VM: OpenJDK 64-Bit Server VM Temurin-21.0.6+7 (21.0.6+7-LTS, mixed mode, sharing, tiered, compressed oops, compressed class ptrs, parallel gc, windows-amd64)
GC Precious Log:
 CardTable entry size: 512
 CPUs: 12 total, 12 available
 Memory: 7521M
 Large Page Support: Disabled
 NUMA Support: Disabled
 Compressed Oops: Enabled (32-bit)
 Alignments: Space 512K, Generation 512K, Heap 2M
 Heap Min Capacity: 100M
 Heap Initial Capacity: 100M
 Heap Max Capacity: 1G
 Pre-touch: Disabled
 Parallel Workers: 10
Heap:
 PSYoungGen      total 19968K, used 19909K [0x00000000eab00000, 0x00000000ec180000, 0x0000000100000000)
  eden space 18944K, 100% used [0x00000000eab00000,0x00000000ebd80000,0x00000000ebd80000)
  from space 1024K, 94% used [0x00000000ec080000,0x00000000ec1716a8,0x00000000ec180000)
  to   space 1024K, 0% used [0x00000000ebf80000,0x00000000ebf80000,0x00000000ec080000)
 ParOldGen       total 347136K, used 346881K [0x00000000c0000000, 0x00000000d5300000, 0x00000000eab00000)
  object space 347136K, 99% used [0x00000000c0000000,0x00000000d52c06f8,0x00000000d5300000)
 Metaspace       used 64974K, committed 66432K, reserved 1114112K
  class space    used 6598K, committed 7232K, reserved 1048576K
GC Heap History (20 events):
Event: 15.687 GC heap after
{Heap after GC invocations=373 (full 3):
 PSYoungGen      total 12800K, used 320K [0x00000000eab00000, 0x00000000ebb00000, 0x0000000100000000)
  eden space 12288K, 0% used [0x00000000eab00000,0x00000000eab00000,0x00000000eb700000)
  from space 512K, 62% used [0x00000000eba80000,0x00000000ebad0000,0x00000000ebb00000)
  to   space 512K, 0% used [0x00000000eba00000,0x00000000eba00000,0x00000000eba80000)
 ParOldGen       total 341504K, used 341045K [0x00000000c0000000, 0x00000000d4d80000, 0x00000000eab00000)
  object space 341504K, 99% used [0x00000000c0000000,0x00000000d4d0d5c0,0x00000000d4d80000)
 Metaspace       used 64944K, committed 66368K, reserved 1114112K
  class space    used 6597K, committed 7232K, reserved 1048576K
}
Event: 15.697 GC heap before
{Heap before GC invocations=374 (full 3):
 PSYoungGen      total 12800K, used 12608K [0x00000000eab00000, 0x00000000ebb00000, 0x0000000100000000)
  eden space 12288K, 100% used [0x00000000eab00000,0x00000000eb700000,0x00000000eb700000)
  from space 512K, 62% used [0x00000000eba80000,0x00000000ebad0000,0x00000000ebb00000)
  to   space 512K, 0% used [0x00000000eba00000,0x00000000eba00000,0x00000000eba80000)
 ParOldGen       total 341504K, used 341045K [0x00000000c0000000, 0x00000000d4d80000, 0x00000000eab00000)
  object space 341504K, 99% used [0x00000000c0000000,0x00000000d4d0d5c0,0x00000000d4d80000)
 Metaspace       used 64947K, committed 66368K, reserved 1114112K
  class space    used 6597K, committed 7232K, reserved 1048576K
}
Event: 15.703 GC heap after
{Heap after GC invocations=374 (full 3):
 PSYoungGen      total 15360K, used 501K [0x00000000eab00000, 0x00000000ebc80000, 0x0000000100000000)
  eden space 14848K, 0% used [0x00000000eab00000,0x00000000eab00000,0x00000000eb980000)
  from space 512K, 97% used [0x00000000eba00000,0x00000000eba7d6b0,0x00000000eba80000)
  to   space 1536K, 0% used [0x00000000ebb00000,0x00000000ebb00000,0x00000000ebc80000)
 ParOldGen       total 342016K, used 341639K [0x00000000c0000000, 0x00000000d4e00000, 0x00000000eab00000)
  object space 342016K, 99% used [0x00000000c0000000,0x00000000d4da1e28,0x00000000d4e00000)
 Metaspace       used 64947K, committed 66368K, reserved 1114112K
  class space    used 6597K, committed 7232K, reserved 1048576K
}
Event: 15.714 GC heap before
{Heap before GC invocations=375 (full 3):
 PSYoungGen      total 15360K, used 15349K [0x00000000eab00000, 0x00000000ebc80000, 0x0000000100000000)
  eden space 14848K, 100% used [0x00000000eab00000,0x00000000eb980000,0x00000000eb980000)
  from space 512K, 97% used [0x00000000eba00000,0x00000000eba7d6b0,0x00000000eba80000)
  to   space 1536K, 0% used [0x00000000ebb00000,0x00000000ebb00000,0x00000000ebc80000)
 ParOldGen       total 342016K, used 341639K [0x00000000c0000000, 0x00000000d4e00000, 0x00000000eab00000)
  object space 342016K, 99% used [0x00000000c0000000,0x00000000d4da1e28,0x00000000d4e00000)
 Metaspace       used 64947K, committed 66368K, reserved 1114112K
  class space    used 6597K, committed 7232K, reserved 1048576K
}
Event: 15.716 GC heap after
{Heap after GC invocations=375 (full 3):
 PSYoungGen      total 16896K, used 699K [0x00000000eab00000, 0x00000000ebe80000, 0x0000000100000000)
  eden space 15360K, 0% used [0x00000000eab00000,0x00000000eab00000,0x00000000eba00000)
  from space 1536K, 45% used [0x00000000ebb00000,0x00000000ebbaec08,0x00000000ebc80000)
  to   space 1024K, 0% used [0x00000000eba00000,0x00000000eba00000,0x00000000ebb00000)
 ParOldGen       total 342528K, used 342162K [0x00000000c0000000, 0x00000000d4e80000, 0x00000000eab00000)
  object space 342528K, 99% used [0x00000000c0000000,0x00000000d4e24a20,0x00000000d4e80000)
 Metaspace       used 64947K, committed 66368K, reserved 1114112K
  class space    used 6597K, committed 7232K, reserved 1048576K
}
Event: 15.726 GC heap before
{Heap before GC invocations=376 (full 3):
 PSYoungGen      total 16896K, used 16058K [0x00000000eab00000, 0x00000000ebe80000, 0x0000000100000000)
  eden space 15360K, 99% used [0x00000000eab00000,0x00000000eb9fffb0,0x00000000eba00000)
  from space 1536K, 45% used [0x00000000ebb00000,0x00000000ebbaec08,0x00000000ebc80000)
  to   space 1024K, 0% used [0x00000000eba00000,0x00000000eba00000,0x00000000ebb00000)
 ParOldGen       total 342528K, used 342162K [0x00000000c0000000, 0x00000000d4e80000, 0x00000000eab00000)
  object space 342528K, 99% used [0x00000000c0000000,0x00000000d4e24a20,0x00000000d4e80000)
 Metaspace       used 64947K, committed 66368K, reserved 1114112K
  class space    used 6597K, committed 7232K, reserved 1048576K
}
Event: 15.728 GC heap after
{Heap after GC invocations=376 (full 3):
 PSYoungGen      total 16384K, used 746K [0x00000000eab00000, 0x00000000ebc00000, 0x0000000100000000)
  eden space 15360K, 0% used [0x00000000eab00000,0x00000000eab00000,0x00000000eba00000)
  from space 1024K, 72% used [0x00000000eba00000,0x00000000ebaba910,0x00000000ebb00000)
  to   space 1024K, 0% used [0x00000000ebb00000,0x00000000ebb00000,0x00000000ebc00000)
 ParOldGen       total 343040K, used 342725K [0x00000000c0000000, 0x00000000d4f00000, 0x00000000eab00000)
  object space 343040K, 99% used [0x00000000c0000000,0x00000000d4eb1628,0x00000000d4f00000)
 Metaspace       used 64947K, committed 66368K, reserved 1114112K
  class space    used 6597K, committed 7232K, reserved 1048576K
}
Event: 15.766 GC heap before
{Heap before GC invocations=377 (full 3):
 PSYoungGen      total 16384K, used 16106K [0x00000000eab00000, 0x00000000ebc00000, 0x0000000100000000)
  eden space 15360K, 100% used [0x00000000eab00000,0x00000000eba00000,0x00000000eba00000)
  from space 1024K, 72% used [0x00000000eba00000,0x00000000ebaba910,0x00000000ebb00000)
  to   space 1024K, 0% used [0x00000000ebb00000,0x00000000ebb00000,0x00000000ebc00000)
 ParOldGen       total 343040K, used 342725K [0x00000000c0000000, 0x00000000d4f00000, 0x00000000eab00000)
  object space 343040K, 99% used [0x00000000c0000000,0x00000000d4eb1628,0x00000000d4f00000)
 Metaspace       used 64947K, committed 66368K, reserved 1114112K
  class space    used 6597K, committed 7232K, reserved 1048576K
}
Event: 15.770 GC heap after
{Heap after GC invocations=377 (full 3):
 PSYoungGen      total 16384K, used 576K [0x00000000eab00000, 0x00000000ebc00000, 0x0000000100000000)
  eden space 15360K, 0% used [0x00000000eab00000,0x00000000eab00000,0x00000000eba00000)
  from space 1024K, 56% used [0x00000000ebb00000,0x00000000ebb90000,0x00000000ebc00000)
  to   space 1024K, 0% used [0x00000000eba00000,0x00000000eba00000,0x00000000ebb00000)
 ParOldGen       total 343552K, used 343253K [0x00000000c0000000, 0x00000000d4f80000, 0x00000000eab00000)
  object space 343552K, 99% used [0x00000000c0000000,0x00000000d4f35628,0x00000000d4f80000)
 Metaspace       used 64947K, committed 66368K, reserved 1114112K
  class space    used 6597K, committed 7232K, reserved 1048576K
}
Event: 15.781 GC heap before
{Heap before GC invocations=378 (full 3):
 PSYoungGen      total 16384K, used 15936K [0x00000000eab00000, 0x00000000ebc00000, 0x0000000100000000)
  eden space 15360K, 100% used [0x00000000eab00000,0x00000000eba00000,0x00000000eba00000)
  from space 1024K, 56% used [0x00000000ebb00000,0x00000000ebb90000,0x00000000ebc00000)
  to   space 1024K, 0% used [0x00000000eba00000,0x00000000eba00000,0x00000000ebb00000)
 ParOldGen       total 343552K, used 343253K [0x00000000c0000000, 0x00000000d4f80000, 0x00000000eab00000)
  object space 343552K, 99% used [0x00000000c0000000,0x00000000d4f35628,0x00000000d4f80000)
 Metaspace       used 64947K, committed 66368K, reserved 1114112K
  class space    used 6597K, committed 7232K, reserved 1048576K
}
Event: 15.788 GC heap after
{Heap after GC invocations=378 (full 3):
 PSYoungGen      total 16384K, used 983K [0x00000000eab00000, 0x00000000ec000000, 0x0000000100000000)
  eden space 15360K, 0% used [0x00000000eab00000,0x00000000eab00000,0x00000000eba00000)
  from space 1024K, 96% used [0x00000000eba00000,0x00000000ebaf5cc0,0x00000000ebb00000)
  to   space 1536K, 0% used [0x00000000ebe80000,0x00000000ebe80000,0x00000000ec000000)
 ParOldGen       total 344064K, used 343595K [0x00000000c0000000, 0x00000000d5000000, 0x00000000eab00000)
  object space 344064K, 99% used [0x00000000c0000000,0x00000000d4f8ace0,0x00000000d5000000)
 Metaspace       used 64947K, committed 66368K, reserved 1114112K
  class space    used 6597K, committed 7232K, reserved 1048576K
}
Event: 15.797 GC heap before
{Heap before GC invocations=379 (full 3):
 PSYoungGen      total 16384K, used 16343K [0x00000000eab00000, 0x00000000ec000000, 0x0000000100000000)
  eden space 15360K, 100% used [0x00000000eab00000,0x00000000eba00000,0x00000000eba00000)
  from space 1024K, 96% used [0x00000000eba00000,0x00000000ebaf5cc0,0x00000000ebb00000)
  to   space 1536K, 0% used [0x00000000ebe80000,0x00000000ebe80000,0x00000000ec000000)
 ParOldGen       total 344064K, used 343595K [0x00000000c0000000, 0x00000000d5000000, 0x00000000eab00000)
  object space 344064K, 99% used [0x00000000c0000000,0x00000000d4f8ace0,0x00000000d5000000)
 Metaspace       used 64947K, committed 66368K, reserved 1114112K
  class space    used 6597K, committed 7232K, reserved 1048576K
}
Event: 15.801 GC heap after
{Heap after GC invocations=379 (full 3):
 PSYoungGen      total 19456K, used 778K [0x00000000eab00000, 0x00000000ebf80000, 0x0000000100000000)
  eden space 18432K, 0% used [0x00000000eab00000,0x00000000eab00000,0x00000000ebd00000)
  from space 1024K, 76% used [0x00000000ebe80000,0x00000000ebf42920,0x00000000ebf80000)
  to   space 1024K, 0% used [0x00000000ebd80000,0x00000000ebd80000,0x00000000ebe80000)
 ParOldGen       total 344576K, used 344360K [0x00000000c0000000, 0x00000000d5080000, 0x00000000eab00000)
  object space 344576K, 99% used [0x00000000c0000000,0x00000000d504a050,0x00000000d5080000)
 Metaspace       used 64947K, committed 66368K, reserved 1114112K
  class space    used 6597K, committed 7232K, reserved 1048576K
}
Event: 15.814 GC heap before
{Heap before GC invocations=380 (full 3):
 PSYoungGen      total 19456K, used 19210K [0x00000000eab00000, 0x00000000ebf80000, 0x0000000100000000)
  eden space 18432K, 100% used [0x00000000eab00000,0x00000000ebd00000,0x00000000ebd00000)
  from space 1024K, 76% used [0x00000000ebe80000,0x00000000ebf42920,0x00000000ebf80000)
  to   space 1024K, 0% used [0x00000000ebd80000,0x00000000ebd80000,0x00000000ebe80000)
 ParOldGen       total 344576K, used 344360K [0x00000000c0000000, 0x00000000d5080000, 0x00000000eab00000)
  object space 344576K, 99% used [0x00000000c0000000,0x00000000d504a050,0x00000000d5080000)
 Metaspace       used 64950K, committed 66368K, reserved 1114112K
  class space    used 6597K, committed 7232K, reserved 1048576K
}
Event: 15.817 GC heap after
{Heap after GC invocations=380 (full 3):
 PSYoungGen      total 19968K, used 741K [0x00000000eab00000, 0x00000000ec300000, 0x0000000100000000)
  eden space 18944K, 0% used [0x00000000eab00000,0x00000000eab00000,0x00000000ebd80000)
  from space 1024K, 72% used [0x00000000ebd80000,0x00000000ebe396d0,0x00000000ebe80000)
  to   space 1024K, 0% used [0x00000000ec200000,0x00000000ec200000,0x00000000ec300000)
 ParOldGen       total 345088K, used 344862K [0x00000000c0000000, 0x00000000d5100000, 0x00000000eab00000)
  object space 345088K, 99% used [0x00000000c0000000,0x00000000d50c7858,0x00000000d5100000)
 Metaspace       used 64950K, committed 66368K, reserved 1114112K
  class space    used 6597K, committed 7232K, reserved 1048576K
}
Event: 15.839 GC heap before
{Heap before GC invocations=381 (full 3):
 PSYoungGen      total 19968K, used 19685K [0x00000000eab00000, 0x00000000ec300000, 0x0000000100000000)
  eden space 18944K, 100% used [0x00000000eab00000,0x00000000ebd80000,0x00000000ebd80000)
  from space 1024K, 72% used [0x00000000ebd80000,0x00000000ebe396d0,0x00000000ebe80000)
  to   space 1024K, 0% used [0x00000000ec200000,0x00000000ec200000,0x00000000ec300000)
 ParOldGen       total 345088K, used 344862K [0x00000000c0000000, 0x00000000d5100000, 0x00000000eab00000)
  object space 345088K, 99% used [0x00000000c0000000,0x00000000d50c7858,0x00000000d5100000)
 Metaspace       used 64954K, committed 66432K, reserved 1114112K
  class space    used 6597K, committed 7232K, reserved 1048576K
}
Event: 15.842 GC heap after
{Heap after GC invocations=381 (full 3):
 PSYoungGen      total 19968K, used 1007K [0x00000000eab00000, 0x00000000ec300000, 0x0000000100000000)
  eden space 18944K, 0% used [0x00000000eab00000,0x00000000eab00000,0x00000000ebd80000)
  from space 1024K, 98% used [0x00000000ec200000,0x00000000ec2fbc70,0x00000000ec300000)
  to   space 2048K, 0% used [0x00000000ebf00000,0x00000000ebf00000,0x00000000ec100000)
 ParOldGen       total 345600K, used 345535K [0x00000000c0000000, 0x00000000d5180000, 0x00000000eab00000)
  object space 345600K, 99% used [0x00000000c0000000,0x00000000d516ffb0,0x00000000d5180000)
 Metaspace       used 64954K, committed 66432K, reserved 1114112K
  class space    used 6597K, committed 7232K, reserved 1048576K
}
Event: 15.863 GC heap before
{Heap before GC invocations=382 (full 3):
 PSYoungGen      total 19968K, used 19951K [0x00000000eab00000, 0x00000000ec300000, 0x0000000100000000)
  eden space 18944K, 100% used [0x00000000eab00000,0x00000000ebd80000,0x00000000ebd80000)
  from space 1024K, 98% used [0x00000000ec200000,0x00000000ec2fbc70,0x00000000ec300000)
  to   space 2048K, 0% used [0x00000000ebf00000,0x00000000ebf00000,0x00000000ec100000)
 ParOldGen       total 345600K, used 345535K [0x00000000c0000000, 0x00000000d5180000, 0x00000000eab00000)
  object space 345600K, 99% used [0x00000000c0000000,0x00000000d516ffb0,0x00000000d5180000)
 Metaspace       used 64956K, committed 66432K, reserved 1114112K
  class space    used 6597K, committed 7232K, reserved 1048576K
}
Event: 15.868 GC heap after
{Heap after GC invocations=382 (full 3):
 PSYoungGen      total 20992K, used 738K [0x00000000eab00000, 0x00000000ec280000, 0x0000000100000000)
  eden space 18944K, 0% used [0x00000000eab00000,0x00000000eab00000,0x00000000ebd80000)
  from space 2048K, 36% used [0x00000000ebf00000,0x00000000ebfb8938,0x00000000ec100000)
  to   space 1536K, 0% used [0x00000000ec100000,0x00000000ec100000,0x00000000ec280000)
 ParOldGen       total 346112K, used 345881K [0x00000000c0000000, 0x00000000d5200000, 0x00000000eab00000)
  object space 346112K, 99% used [0x00000000c0000000,0x00000000d51c66f8,0x00000000d5200000)
 Metaspace       used 64956K, committed 66432K, reserved 1114112K
  class space    used 6597K, committed 7232K, reserved 1048576K
}
Event: 16.898 GC heap before
{Heap before GC invocations=383 (full 3):
 PSYoungGen      total 20992K, used 19682K [0x00000000eab00000, 0x00000000ec280000, 0x0000000100000000)
  eden space 18944K, 100% used [0x00000000eab00000,0x00000000ebd80000,0x00000000ebd80000)
  from space 2048K, 36% used [0x00000000ebf00000,0x00000000ebfb8938,0x00000000ec100000)
  to   space 1536K, 0% used [0x00000000ec100000,0x00000000ec100000,0x00000000ec280000)
 ParOldGen       total 346624K, used 346113K [0x00000000c0000000, 0x00000000d5280000, 0x00000000eab00000)
  object space 346624K, 99% used [0x00000000c0000000,0x00000000d5200498,0x00000000d5280000)
 Metaspace       used 64958K, committed 66432K, reserved 1114112K
  class space    used 6597K, committed 7232K, reserved 1048576K
}

